#
# There is insufficient memory for the Java Runtime Environment to continue.
# Native memory allocation (malloc) failed to allocate 309936 bytes. Error detail: Chunk::new
# Possible reasons:
#   The system is out of physical RAM or swap space
#   This process is running with CompressedOops enabled, and the Java Heap may be blocking the growth of the native heap
# Possible solutions:
#   Reduce memory load on the system
#   Increase physical memory or swap space
#   Check if swap backing store is full
#   Decrease Java heap size (-Xmx/-Xms)
#   Decrease number of Java threads
#   Decrease Java thread stack sizes (-Xss)
#   Set larger code cache with -XX:ReservedCodeCacheSize=
#   JVM is running with Unscaled Compressed Oops mode in which the Java heap is
#     placed in the first 4GB address space. The Java Heap base address is the
#     maximum limit for the native heap growth. Please use -XX:HeapBaseMinAddress
#     to set the Java Heap base and to place the Java Heap above 4GB virtual address.
# This output file may be truncated or incomplete.
#
#  Out of Memory Error (arena.cpp:168), pid=9232, tid=29008
#
# JRE version: OpenJDK Runtime Environment Temurin-21.0.9+10 (21.0.9+10) (build 21.0.9+10-LTS)
# Java VM: OpenJDK 64-Bit Server VM Temurin-21.0.9+10 (21.0.9+10-LTS, mixed mode, sharing, tiered, compressed oops, compressed class ptrs, parallel gc, windows-amd64)
# No core dump will be written. Minidumps are not enabled by default on client versions of Windows
#

---------------  S U M M A R Y ------------

Command Line: --add-modules=ALL-SYSTEM --add-opens=java.base/java.util=ALL-UNNAMED --add-opens=java.base/java.lang=ALL-UNNAMED --add-opens=java.base/sun.nio.fs=ALL-UNNAMED -Declipse.application=org.eclipse.jdt.ls.core.id1 -Dosgi.bundles.defaultStartLevel=4 -Declipse.product=org.eclipse.jdt.ls.core.product -Djava.import.generatesMetadataFilesAtProjectRoot=false -DDetectVMInstallationsJob.disabled=true -Dfile.encoding=utf8 -XX:+UseParallelGC -XX:GCTimeRatio=4 -XX:AdaptiveSizePolicyWeight=90 -Dsun.zip.disableMemoryMapping=true -Xmx2G -Xms100m -Xlog:disable -javaagent:c:\Users\xiao\.cursor\extensions\redhat.java-1.50.0-win32-x64\lombok\lombok-1.18.39-4050.jar c:\Users\xiao\.cursor\extensions\redhat.java-1.50.0-win32-x64\server\plugins\org.eclipse.equinox.launcher_1.7.100.v20251111-0406.jar -configuration c:\Users\xiao\AppData\Roaming\Cursor\User\globalStorage\redhat.java\1.50.0\config_ss_win -data c:\Users\xiao\AppData\Roaming\Cursor\User\workspaceStorage\72f449efd8c44473c35e3f18b3a5e343\redhat.java\ss_ws --pipe=\\.\pipe\lsp-6a6ff79a425b1ce7a390d7b2cd591f17-sock

Host: 12th Gen Intel(R) Core(TM) i7-12650H, 16 cores, 15G,  Windows 11 , 64 bit Build 22621 (10.0.22621.5415)
Time: Thu Dec 25 16:51:19 2025 elapsed time: 0.536053 seconds (0d 0h 0m 0s)

---------------  T H R E A D  ---------------

Current thread (0x0000024a4601a1d0):  JavaThread "C2 CompilerThread1" daemon [_thread_in_native, id=29008, stack(0x000000a7aea00000,0x000000a7aeb00000) (1024K)]


Current CompileTask:
C2:536 1094   !   4       java.util.jar.Attributes::read (494 bytes)

Stack: [0x000000a7aea00000,0x000000a7aeb00000]
Native frames: (J=compiled Java code, j=interpreted, Vv=VM code, C=native code)
V  [jvm.dll+0x6d6e29]
V  [jvm.dll+0x8b4b76]
V  [jvm.dll+0x8b712e]
V  [jvm.dll+0x8b7813]
V  [jvm.dll+0x283d86]
V  [jvm.dll+0xc66ed]
V  [jvm.dll+0xc6c31]
V  [jvm.dll+0x2facee]
V  [jvm.dll+0x5fde44]
V  [jvm.dll+0x255557]
V  [jvm.dll+0x25591d]
V  [jvm.dll+0x24df40]
V  [jvm.dll+0x24b482]
V  [jvm.dll+0x1cb13e]
V  [jvm.dll+0x25b29d]
V  [jvm.dll+0x25982a]
V  [jvm.dll+0x3f7ea6]
V  [jvm.dll+0x85e9ad]
V  [jvm.dll+0x6d565d]
C  [ucrtbase.dll+0x29333]
C  [KERNEL32.DLL+0x1259d]
C  [ntdll.dll+0x5af78]


---------------  P R O C E S S  ---------------

Threads class SMR info:
_java_thread_list=0x0000024a4757d0f0, length=15, elements={
0x0000024a6cdfe470, 0x0000024a6cda3d00, 0x0000024a6cda7f50, 0x0000024a45e45450,
0x0000024a45e47310, 0x0000024a6cda8f90, 0x0000024a6cdae960, 0x0000024a45e51da0,
0x0000024a45e58470, 0x0000024a45f3af70, 0x0000024a4601a1d0, 0x0000024a461381e0,
0x0000024a4614bdf0, 0x0000024a4614c490, 0x0000024a46136e30
}

Java Threads: ( => current thread )
  0x0000024a6cdfe470 JavaThread "main"                              [_thread_in_Java, id=15096, stack(0x000000a7add00000,0x000000a7ade00000) (1024K)]
  0x0000024a6cda3d00 JavaThread "Reference Handler"          daemon [_thread_blocked, id=21772, stack(0x000000a7ae100000,0x000000a7ae200000) (1024K)]
  0x0000024a6cda7f50 JavaThread "Finalizer"                  daemon [_thread_blocked, id=24548, stack(0x000000a7ae200000,0x000000a7ae300000) (1024K)]
  0x0000024a45e45450 JavaThread "Signal Dispatcher"          daemon [_thread_blocked, id=34504, stack(0x000000a7ae300000,0x000000a7ae400000) (1024K)]
  0x0000024a45e47310 JavaThread "Attach Listener"            daemon [_thread_blocked, id=26200, stack(0x000000a7ae400000,0x000000a7ae500000) (1024K)]
  0x0000024a6cda8f90 JavaThread "Service Thread"             daemon [_thread_blocked, id=34356, stack(0x000000a7ae500000,0x000000a7ae600000) (1024K)]
  0x0000024a6cdae960 JavaThread "Monitor Deflation Thread"   daemon [_thread_blocked, id=15872, stack(0x000000a7ae600000,0x000000a7ae700000) (1024K)]
  0x0000024a45e51da0 JavaThread "C2 CompilerThread0"         daemon [_thread_blocked, id=13728, stack(0x000000a7ae700000,0x000000a7ae800000) (1024K)]
  0x0000024a45e58470 JavaThread "C1 CompilerThread0"         daemon [_thread_blocked, id=33704, stack(0x000000a7ae800000,0x000000a7ae900000) (1024K)]
  0x0000024a45f3af70 JavaThread "C1 CompilerThread1"         daemon [_thread_blocked, id=31916, stack(0x000000a7ae900000,0x000000a7aea00000) (1024K)]
=>0x0000024a4601a1d0 JavaThread "C2 CompilerThread1"         daemon [_thread_in_native, id=29008, stack(0x000000a7aea00000,0x000000a7aeb00000) (1024K)]
  0x0000024a461381e0 JavaThread "Common-Cleaner"             daemon [_thread_blocked, id=20504, stack(0x000000a7aeb00000,0x000000a7aec00000) (1024K)]
  0x0000024a4614bdf0 JavaThread "C1 CompilerThread2"         daemon [_thread_in_vm, id=32388, stack(0x000000a7aec00000,0x000000a7aed00000) (1024K)]
  0x0000024a4614c490 JavaThread "C1 CompilerThread3"         daemon [_thread_blocked, id=28536, stack(0x000000a7aed00000,0x000000a7aee00000) (1024K)]
  0x0000024a46136e30 JavaThread "Notification Thread"        daemon [_thread_blocked, id=23352, stack(0x000000a7aee00000,0x000000a7aef00000) (1024K)]
Total: 15

Other Threads:
  0x0000024a6cebeaf0 VMThread "VM Thread"                           [id=4640, stack(0x000000a7ae000000,0x000000a7ae100000) (1024K)]
  0x0000024a6cc8cb20 WatcherThread "VM Periodic Task Thread"        [id=12232, stack(0x000000a7adf00000,0x000000a7ae000000) (1024K)]
  0x0000024a6ce1c620 WorkerThread "GC Thread#0"                     [id=14512, stack(0x000000a7ade00000,0x000000a7adf00000) (1024K)]
  0x0000024a478d1c10 WorkerThread "GC Thread#1"                     [id=8356, stack(0x000000a7aef00000,0x000000a7af000000) (1024K)]
  0x0000024a47826fe0 WorkerThread "GC Thread#2"                     [id=31772, stack(0x000000a7af000000,0x000000a7af100000) (1024K)]
  0x0000024a47827380 WorkerThread "GC Thread#3"                     [id=6724, stack(0x000000a7af100000,0x000000a7af200000) (1024K)]
  0x0000024a478d3240 WorkerThread "GC Thread#4"                     [id=14436, stack(0x000000a7af200000,0x000000a7af300000) (1024K)]
  0x0000024a478d35e0 WorkerThread "GC Thread#5"                     [id=33116, stack(0x000000a7af300000,0x000000a7af400000) (1024K)]
  0x0000024a478d3d90 WorkerThread "GC Thread#6"                     [id=17704, stack(0x000000a7af400000,0x000000a7af500000) (1024K)]
Total: 9

Threads with active compile tasks:
C2 CompilerThread1  573 1094   !   4       java.util.jar.Attributes::read (494 bytes)
Total: 1

VM state: not at safepoint (normal execution)

VM Mutex/Monitor currently owned by a thread: None

Heap address: 0x0000000080000000, size: 2048 MB, Compressed Oops mode: 32-bit

CDS archive(s) mapped at: [0x0000024a04000000-0x0000024a04ba0000-0x0000024a04ba0000), size 12189696, SharedBaseAddress: 0x0000024a04000000, ArchiveRelocationMode: 1.
Compressed class space mapped at: 0x0000024a05000000-0x0000024a45000000, reserved size: 1073741824
Narrow klass base: 0x0000024a04000000, Narrow klass shift: 0, Narrow klass range: 0x100000000

GC Precious Log:
 CardTable entry size: 512
 CPUs: 16 total, 16 available
 Memory: 16108M
 Large Page Support: Disabled
 NUMA Support: Disabled
 Compressed Oops: Enabled (32-bit)
 Alignments: Space 512K, Generation 512K, Heap 2M
 Heap Min Capacity: 100M
 Heap Initial Capacity: 100M
 Heap Max Capacity: 2G
 Pre-touch: Disabled
 Parallel Workers: 13

Heap:
 PSYoungGen      total 29696K, used 6851K [0x00000000d5580000, 0x00000000d7680000, 0x0000000100000000)
  eden space 25600K, 12% used [0x00000000d5580000,0x00000000d5891ea0,0x00000000d6e80000)
  from space 4096K, 90% used [0x00000000d6e80000,0x00000000d721eff8,0x00000000d7280000)
  to   space 4096K, 0% used [0x00000000d7280000,0x00000000d7280000,0x00000000d7680000)
 ParOldGen       total 68608K, used 16K [0x0000000080000000, 0x0000000084300000, 0x00000000d5580000)
  object space 68608K, 0% used [0x0000000080000000,0x0000000080004000,0x0000000084300000)
 Metaspace       used 4658K, committed 4928K, reserved 1114112K
  class space    used 503K, committed 640K, reserved 1048576K

Card table byte_map: [0x0000024a6c7a0000,0x0000024a6cbb0000] _byte_map_base: 0x0000024a6c3a0000

Marking Bits: (ParMarkBitMap*) 0x00007fffe5832460
 Begin Bits: [0x0000024a00000000, 0x0000024a02000000)
 End Bits:   [0x0000024a02000000, 0x0000024a04000000)

Polling page: 0x0000024a6aa60000

Metaspace:

Usage:
  Non-class:      4.06 MB used.
      Class:    503.02 KB used.
       Both:      4.55 MB used.

Virtual space:
  Non-class space:       64.00 MB reserved,       4.19 MB (  7%) committed,  1 nodes.
      Class space:        1.00 GB reserved,     640.00 KB ( <1%) committed,  1 nodes.
             Both:        1.06 GB reserved,       4.81 MB ( <1%) committed. 

Chunk freelists:
   Non-Class:  10.95 MB
       Class:  15.41 MB
        Both:  26.36 MB

MaxMetaspaceSize: unlimited
CompressedClassSpaceSize: 1.00 GB
Initial GC threshold: 21.00 MB
Current GC threshold: 21.00 MB
CDS: on
 - commit_granule_bytes: 65536.
 - commit_granule_words: 8192.
 - virtual_space_node_default_size: 8388608.
 - enlarge_chunks_in_place: 1.
 - use_allocation_guard: 0.


Internal statistics:

num_allocs_failed_limit: 0.
num_arena_births: 184.
num_arena_deaths: 0.
num_vsnodes_births: 2.
num_vsnodes_deaths: 0.
num_space_committed: 77.
num_space_uncommitted: 0.
num_chunks_returned_to_freelist: 0.
num_chunks_taken_from_freelist: 259.
num_chunk_merges: 0.
num_chunk_splits: 167.
num_chunks_enlarged: 98.
num_inconsistent_stats: 0.

CodeHeap 'non-profiled nmethods': size=119168Kb used=424Kb max_used=424Kb free=118743Kb
 bounds [0x0000024a77ba0000, 0x0000024a77e10000, 0x0000024a7f000000]
CodeHeap 'profiled nmethods': size=119104Kb used=1933Kb max_used=1933Kb free=117170Kb
 bounds [0x0000024a70000000, 0x0000024a70270000, 0x0000024a77450000]
CodeHeap 'non-nmethods': size=7488Kb used=2886Kb max_used=2911Kb free=4601Kb
 bounds [0x0000024a77450000, 0x0000024a77730000, 0x0000024a77ba0000]
CodeCache: size=245760Kb, used=5243Kb, max_used=5268Kb, free=240514Kb
 total_blobs=1639, nmethods=1180, adapters=363, full_count=0
Compilation: enabled, stopped_count=0, restarted_count=0

Compilation events (20 events):
Event: 0.525 Thread 0x0000024a4614bdf0 1116       3       jdk.internal.util.ArraysSupport::vectorizedMismatch (268 bytes)
Event: 0.526 Thread 0x0000024a4614bdf0 nmethod 1116 0x0000024a701c3e90 code [0x0000024a701c4080, 0x0000024a701c44b0]
Event: 0.527 Thread 0x0000024a4614bdf0 1119       3       sun.security.util.DerOutputStream::<init> (5 bytes)
Event: 0.527 Thread 0x0000024a4614c490 1120       3       java.util.ArrayList::toArray (57 bytes)
Event: 0.527 Thread 0x0000024a4614bdf0 nmethod 1119 0x0000024a701c4610 code [0x0000024a701c47c0, 0x0000024a701c4960]
Event: 0.527 Thread 0x0000024a45f3af70 1121       3       java.util.Arrays::hashCode (60 bytes)
Event: 0.527 Thread 0x0000024a4614c490 nmethod 1120 0x0000024a701c4a10 code [0x0000024a701c4c00, 0x0000024a701c5128]
Event: 0.527 Thread 0x0000024a45f3af70 nmethod 1121 0x0000024a701c5290 code [0x0000024a701c5460, 0x0000024a701c56e8]
Event: 0.529 Thread 0x0000024a45e58470 1123       3       sun.security.provider.DigestBase::implCompressMultiBlock0 (23 bytes)
Event: 0.529 Thread 0x0000024a45e58470 nmethod 1123 0x0000024a701c5810 code [0x0000024a701c59c0, 0x0000024a701c5c68]
Event: 0.530 Thread 0x0000024a4614bdf0 1124       3       java.math.BigInteger::montReduce (99 bytes)
Event: 0.531 Thread 0x0000024a4614bdf0 nmethod 1124 0x0000024a701c5d90 code [0x0000024a701c5fa0, 0x0000024a701c6450]
Event: 0.531 Thread 0x0000024a4614bdf0 1125       3       java.lang.invoke.DirectMethodHandle::allocateInstance (16 bytes)
Event: 0.531 Thread 0x0000024a45e58470 1126       3       java.lang.invoke.DirectMethodHandle::constructorMethod (10 bytes)
Event: 0.532 Thread 0x0000024a4614bdf0 nmethod 1125 0x0000024a701c6690 code [0x0000024a701c6840, 0x0000024a701c6a68]
Event: 0.532 Thread 0x0000024a45e58470 nmethod 1126 0x0000024a701c6b90 code [0x0000024a701c6d40, 0x0000024a701c6f28]
Event: 0.533 Thread 0x0000024a45f3af70 1127       3       java.util.regex.ASCII::toLower (16 bytes)
Event: 0.533 Thread 0x0000024a45e58470 1128       3       java.util.regex.ASCII::isUpper (18 bytes)
Event: 0.533 Thread 0x0000024a45e58470 nmethod 1128 0x0000024a701c7010 code [0x0000024a701c71a0, 0x0000024a701c72f0]
Event: 0.533 Thread 0x0000024a45f3af70 nmethod 1127 0x0000024a701c7390 code [0x0000024a701c7540, 0x0000024a701c7730]

GC Heap History (2 events):
Event: 0.514 GC heap before
{Heap before GC invocations=1 (full 0):
 PSYoungGen      total 29696K, used 25600K [0x00000000d5580000, 0x00000000d7680000, 0x0000000100000000)
  eden space 25600K, 100% used [0x00000000d5580000,0x00000000d6e80000,0x00000000d6e80000)
  from space 4096K, 0% used [0x00000000d7280000,0x00000000d7280000,0x00000000d7680000)
  to   space 4096K, 0% used [0x00000000d6e80000,0x00000000d6e80000,0x00000000d7280000)
 ParOldGen       total 68608K, used 0K [0x0000000080000000, 0x0000000084300000, 0x00000000d5580000)
  object space 68608K, 0% used [0x0000000080000000,0x0000000080000000,0x0000000084300000)
 Metaspace       used 4143K, committed 4416K, reserved 1114112K
  class space    used 454K, committed 576K, reserved 1048576K
}
Event: 0.520 GC heap after
{Heap after GC invocations=1 (full 0):
 PSYoungGen      total 29696K, used 3707K [0x00000000d5580000, 0x00000000d7680000, 0x0000000100000000)
  eden space 25600K, 0% used [0x00000000d5580000,0x00000000d5580000,0x00000000d6e80000)
  from space 4096K, 90% used [0x00000000d6e80000,0x00000000d721eff8,0x00000000d7280000)
  to   space 4096K, 0% used [0x00000000d7280000,0x00000000d7280000,0x00000000d7680000)
 ParOldGen       total 68608K, used 16K [0x0000000080000000, 0x0000000084300000, 0x00000000d5580000)
  object space 68608K, 0% used [0x0000000080000000,0x0000000080004000,0x0000000084300000)
 Metaspace       used 4143K, committed 4416K, reserved 1114112K
  class space    used 454K, committed 576K, reserved 1048576K
}

Dll operation events (8 events):
Event: 0.009 Loaded shared library c:\Users\xiao\.cursor\extensions\redhat.java-1.50.0-win32-x64\jre\21.0.9-win32-x86_64\bin\java.dll
Event: 0.032 Loaded shared library c:\Users\xiao\.cursor\extensions\redhat.java-1.50.0-win32-x64\jre\21.0.9-win32-x86_64\bin\zip.dll
Event: 0.066 Loaded shared library C:\Users\xiao\.cursor\extensions\redhat.java-1.50.0-win32-x64\jre\21.0.9-win32-x86_64\bin\instrument.dll
Event: 0.070 Loaded shared library C:\Users\xiao\.cursor\extensions\redhat.java-1.50.0-win32-x64\jre\21.0.9-win32-x86_64\bin\net.dll
Event: 0.071 Loaded shared library C:\Users\xiao\.cursor\extensions\redhat.java-1.50.0-win32-x64\jre\21.0.9-win32-x86_64\bin\nio.dll
Event: 0.074 Loaded shared library C:\Users\xiao\.cursor\extensions\redhat.java-1.50.0-win32-x64\jre\21.0.9-win32-x86_64\bin\zip.dll
Event: 0.087 Loaded shared library C:\Users\xiao\.cursor\extensions\redhat.java-1.50.0-win32-x64\jre\21.0.9-win32-x86_64\bin\jimage.dll
Event: 0.141 Loaded shared library c:\Users\xiao\.cursor\extensions\redhat.java-1.50.0-win32-x64\jre\21.0.9-win32-x86_64\bin\verify.dll

Deoptimization events (20 events):
Event: 0.512 Thread 0x0000024a6cdfe470 DEOPT PACKING pc=0x0000024a7018efb1 sp=0x000000a7addfe2d0
Event: 0.512 Thread 0x0000024a6cdfe470 DEOPT UNPACKING pc=0x0000024a774a4242 sp=0x000000a7addfd748 mode 0
Event: 0.512 Thread 0x0000024a6cdfe470 DEOPT PACKING pc=0x0000024a7018efb1 sp=0x000000a7addfe2d0
Event: 0.512 Thread 0x0000024a6cdfe470 DEOPT UNPACKING pc=0x0000024a774a4242 sp=0x000000a7addfd748 mode 0
Event: 0.512 Thread 0x0000024a6cdfe470 DEOPT PACKING pc=0x0000024a7018efb1 sp=0x000000a7addfe2d0
Event: 0.512 Thread 0x0000024a6cdfe470 DEOPT UNPACKING pc=0x0000024a774a4242 sp=0x000000a7addfd748 mode 0
Event: 0.512 Thread 0x0000024a6cdfe470 DEOPT PACKING pc=0x0000024a7018efb1 sp=0x000000a7addfe2d0
Event: 0.512 Thread 0x0000024a6cdfe470 DEOPT UNPACKING pc=0x0000024a774a4242 sp=0x000000a7addfd748 mode 0
Event: 0.513 Thread 0x0000024a6cdfe470 DEOPT PACKING pc=0x0000024a7018efb1 sp=0x000000a7addfe2d0
Event: 0.513 Thread 0x0000024a6cdfe470 DEOPT UNPACKING pc=0x0000024a774a4242 sp=0x000000a7addfd748 mode 0
Event: 0.513 Thread 0x0000024a6cdfe470 DEOPT PACKING pc=0x0000024a7018efb1 sp=0x000000a7addfe2d0
Event: 0.513 Thread 0x0000024a6cdfe470 DEOPT UNPACKING pc=0x0000024a774a4242 sp=0x000000a7addfd748 mode 0
Event: 0.513 Thread 0x0000024a6cdfe470 DEOPT PACKING pc=0x0000024a7018efb1 sp=0x000000a7addfe2d0
Event: 0.513 Thread 0x0000024a6cdfe470 DEOPT UNPACKING pc=0x0000024a774a4242 sp=0x000000a7addfd748 mode 0
Event: 0.513 Thread 0x0000024a6cdfe470 DEOPT PACKING pc=0x0000024a7018efb1 sp=0x000000a7addfe2d0
Event: 0.513 Thread 0x0000024a6cdfe470 DEOPT UNPACKING pc=0x0000024a774a4242 sp=0x000000a7addfd748 mode 0
Event: 0.513 Thread 0x0000024a6cdfe470 DEOPT PACKING pc=0x0000024a7018efb1 sp=0x000000a7addfe2d0
Event: 0.513 Thread 0x0000024a6cdfe470 DEOPT UNPACKING pc=0x0000024a774a4242 sp=0x000000a7addfd748 mode 0
Event: 0.513 Thread 0x0000024a6cdfe470 DEOPT PACKING pc=0x0000024a7018efb1 sp=0x000000a7addfe2d0
Event: 0.513 Thread 0x0000024a6cdfe470 DEOPT UNPACKING pc=0x0000024a774a4242 sp=0x000000a7addfd748 mode 0

Classes loaded (20 events):
Event: 0.523 Loading class jdk/internal/logger/LazyLoggers$LazyLoggerAccessor
Event: 0.523 Loading class jdk/internal/logger/LazyLoggers$LoggerAccessor
Event: 0.523 Loading class jdk/internal/logger/LazyLoggers$LoggerAccessor done
Event: 0.523 Loading class jdk/internal/logger/LazyLoggers$LazyLoggerAccessor done
Event: 0.524 Loading class jdk/internal/logger/SurrogateLogger
Event: 0.524 Loading class jdk/internal/logger/SimpleConsoleLogger
Event: 0.524 Loading class sun/util/logging/PlatformLogger$ConfigurableBridge$LoggerConfiguration
Event: 0.524 Loading class sun/util/logging/PlatformLogger$ConfigurableBridge$LoggerConfiguration done
Event: 0.524 Loading class jdk/internal/logger/SimpleConsoleLogger done
Event: 0.524 Loading class jdk/internal/logger/SurrogateLogger done
Event: 0.524 Loading class sun/util/logging/PlatformLogger
Event: 0.525 Loading class sun/util/logging/PlatformLogger done
Event: 0.525 Loading class sun/util/logging/PlatformLogger$Level
Event: 0.525 Loading class sun/util/logging/PlatformLogger$Level done
Event: 0.531 Loading class java/io/BufferedReader
Event: 0.532 Loading class java/io/BufferedReader done
Event: 0.532 Loading class sun/nio/cs/StreamDecoder
Event: 0.532 Loading class sun/nio/cs/StreamDecoder done
Event: 0.532 Loading class sun/nio/cs/UTF_8$Decoder
Event: 0.533 Loading class sun/nio/cs/UTF_8$Decoder done

Classes unloaded (0 events):
No events

Classes redefined (0 events):
No events

Internal exceptions (20 events):
Event: 0.114 Thread 0x0000024a6cdfe470 Exception <a 'java/lang/NoSuchMethodError'{0x00000000d5ade2e0}: 'void java.lang.invoke.DelegatingMethodHandle$Holder.reinvoke_L(java.lang.Object, java.lang.Object, java.lang.Object, int, java.lang.Object)'> (0x00000000d5ade2e0) 
thrown [s\src\hotspot\share\interpreter\linkResolver.cpp, line 773]
Event: 0.115 Thread 0x0000024a6cdfe470 Exception <a 'java/lang/NoSuchMethodError'{0x00000000d5ae1d18}: 'int java.lang.invoke.DirectMethodHandle$Holder.invokeSpecial(java.lang.Object, java.lang.Object, java.lang.Object)'> (0x00000000d5ae1d18) 
thrown [s\src\hotspot\share\interpreter\linkResolver.cpp, line 773]
Event: 0.119 Thread 0x0000024a6cdfe470 Exception <a 'java/lang/NoSuchMethodError'{0x00000000d5afaa08}: 'java.lang.Object java.lang.invoke.DirectMethodHandle$Holder.invokeStatic(java.lang.Object, java.lang.Object, int)'> (0x00000000d5afaa08) 
thrown [s\src\hotspot\share\interpreter\linkResolver.cpp, line 773]
Event: 0.120 Thread 0x0000024a6cdfe470 Exception <a 'java/lang/NoSuchMethodError'{0x00000000d5aff358}: 'void java.lang.invoke.DirectMethodHandle$Holder.invokeStatic(java.lang.Object, java.lang.Object, int, java.lang.Object)'> (0x00000000d5aff358) 
thrown [s\src\hotspot\share\interpreter\linkResolver.cpp, line 773]
Event: 0.120 Thread 0x0000024a6cdfe470 Exception <a 'java/lang/NoSuchMethodError'{0x00000000d5b02ee8}: 'void java.lang.invoke.DirectMethodHandle$Holder.invokeSpecial(java.lang.Object, java.lang.Object, java.lang.Object, int, java.lang.Object)'> (0x00000000d5b02ee8) 
thrown [s\src\hotspot\share\interpreter\linkResolver.cpp, line 773]
Event: 0.121 Thread 0x0000024a6cdfe470 Exception <a 'java/lang/NoSuchMethodError'{0x00000000d5b06358}: 'void java.lang.invoke.DelegatingMethodHandle$Holder.delegate(java.lang.Object, java.lang.Object, int, java.lang.Object)'> (0x00000000d5b06358) 
thrown [s\src\hotspot\share\interpreter\linkResolver.cpp, line 773]
Event: 0.154 Thread 0x0000024a6cdfe470 Exception <a 'java/lang/NoSuchMethodError'{0x00000000d5d45328}: 'void java.lang.invoke.DelegatingMethodHandle$Holder.reinvoke_L(java.lang.Object, java.lang.Object, java.lang.Object, int)'> (0x00000000d5d45328) 
thrown [s\src\hotspot\share\interpreter\linkResolver.cpp, line 773]
Event: 0.256 Thread 0x0000024a6cdfe470 Exception <a 'java/lang/NoSuchMethodError'{0x00000000d61da668}: 'void java.lang.invoke.DirectMethodHandle$Holder.invokeVirtual(java.lang.Object, java.lang.Object)'> (0x00000000d61da668) 
thrown [s\src\hotspot\share\interpreter\linkResolver.cpp, line 773]
Event: 0.349 Thread 0x0000024a6cdfe470 Exception <a 'java/lang/NoSuchMethodError'{0x00000000d65bffe0}: 'void java.lang.invoke.DirectMethodHandle$Holder.invokeStatic(java.lang.Object, java.lang.Object)'> (0x00000000d65bffe0) 
thrown [s\src\hotspot\share\interpreter\linkResolver.cpp, line 773]
Event: 0.352 Thread 0x0000024a6cdfe470 Exception <a 'java/lang/ClassNotFoundException'{0x00000000d65e80d8}: sun/net/www/protocol/c/Handler> (0x00000000d65e80d8) 
thrown [s\src\hotspot\share\classfile\systemDictionary.cpp, line 312]
Event: 0.369 Thread 0x0000024a6cdfe470 Exception <a 'java/io/FileNotFoundException'{0x00000000d66420c0}> (0x00000000d66420c0) 
thrown [s\src\hotspot\share\prims\jni.cpp, line 520]
Event: 0.370 Thread 0x0000024a6cdfe470 Exception <a 'java/io/FileNotFoundException'{0x00000000d6643518}> (0x00000000d6643518) 
thrown [s\src\hotspot\share\prims\jni.cpp, line 520]
Event: 0.370 Thread 0x0000024a6cdfe470 Exception <a 'java/io/FileNotFoundException'{0x00000000d66442d8}> (0x00000000d66442d8) 
thrown [s\src\hotspot\share\prims\jni.cpp, line 520]
Event: 0.370 Thread 0x0000024a6cdfe470 Exception <a 'java/io/FileNotFoundException'{0x00000000d6644f60}> (0x00000000d6644f60) 
thrown [s\src\hotspot\share\prims\jni.cpp, line 520]
Event: 0.376 Thread 0x0000024a6cdfe470 Exception <a 'java/io/FileNotFoundException'{0x00000000d667f240}> (0x00000000d667f240) 
thrown [s\src\hotspot\share\prims\jni.cpp, line 520]
Event: 0.386 Thread 0x0000024a6cdfe470 Exception <a 'java/lang/NoSuchMethodError'{0x00000000d66ba9b0}: 'java.lang.Object java.lang.invoke.DirectMethodHandle$Holder.invokeInterface(java.lang.Object, java.lang.Object)'> (0x00000000d66ba9b0) 
thrown [s\src\hotspot\share\interpreter\linkResolver.cpp, line 773]
Event: 0.389 Thread 0x0000024a6cdfe470 Exception <a 'java/lang/NoSuchMethodError'{0x00000000d66ce420}: 'java.lang.Object java.lang.invoke.Invokers$Holder.invokeExact_MT(java.lang.Object, java.lang.Object, java.lang.Object, java.lang.Object, java.lang.Object, java.lang.Object)'> (0x00000000d66ce420) 
thrown [s\src\hotspot\share\interpreter\linkResolver.cpp, line 773]
Event: 0.392 Thread 0x0000024a6cdfe470 Exception <a 'java/lang/NoSuchMethodError'{0x00000000d66e54f8}: 'int java.lang.invoke.DirectMethodHandle$Holder.invokeStatic(java.lang.Object, java.lang.Object, java.lang.Object, java.lang.Object, java.lang.Object)'> (0x00000000d66e54f8) 
thrown [s\src\hotspot\share\interpreter\linkResolver.cpp, line 773]
Event: 0.411 Thread 0x0000024a6cdfe470 Exception <a 'java/lang/NoSuchMethodError'{0x00000000d677adb8}: 'java.lang.Object java.lang.invoke.DirectMethodHandle$Holder.invokeInterface(java.lang.Object, java.lang.Object, int)'> (0x00000000d677adb8) 
thrown [s\src\hotspot\share\interpreter\linkResolver.cpp, line 773]
Event: 0.492 Thread 0x0000024a6cdfe470 Exception <a 'java/lang/NoSuchMethodError'{0x00000000d6be7230}: 'java.lang.ClassLoader java.lang.ClassLoader.getPlatformClassLoader(java.lang.Class)'> (0x00000000d6be7230) 
thrown [s\src\hotspot\share\interpreter\linkResolver.cpp, line 773]

ZGC Phase Switch (0 events):
No events

VM Operations (10 events):
Event: 0.053 Executing VM operation: HandshakeAllThreads (Deoptimize)
Event: 0.053 Executing VM operation: HandshakeAllThreads (Deoptimize) done
Event: 0.097 Executing VM operation: HandshakeAllThreads (Deoptimize)
Event: 0.097 Executing VM operation: HandshakeAllThreads (Deoptimize) done
Event: 0.330 Executing VM operation: HandshakeAllThreads (Deoptimize)
Event: 0.330 Executing VM operation: HandshakeAllThreads (Deoptimize) done
Event: 0.346 Executing VM operation: HandshakeAllThreads (Deoptimize)
Event: 0.346 Executing VM operation: HandshakeAllThreads (Deoptimize) done
Event: 0.514 Executing VM operation: ParallelGCFailedAllocation (Allocation Failure)
Event: 0.520 Executing VM operation: ParallelGCFailedAllocation (Allocation Failure) done

Memory protections (0 events):
No events

Nmethod flushes (0 events):
No events

Events (15 events):
Event: 0.022 Thread 0x0000024a6cdfe470 Thread added: 0x0000024a6cdfe470
Event: 0.033 Thread 0x0000024a6cdfe470 Thread added: 0x0000024a6cda3d00
Event: 0.033 Thread 0x0000024a6cdfe470 Thread added: 0x0000024a6cda7f50
Event: 0.033 Thread 0x0000024a6cdfe470 Thread added: 0x0000024a45e45450
Event: 0.034 Thread 0x0000024a6cdfe470 Thread added: 0x0000024a45e47310
Event: 0.034 Thread 0x0000024a6cdfe470 Thread added: 0x0000024a6cda8f90
Event: 0.034 Thread 0x0000024a6cdfe470 Thread added: 0x0000024a6cdae960
Event: 0.034 Thread 0x0000024a6cdfe470 Thread added: 0x0000024a45e51da0
Event: 0.034 Thread 0x0000024a6cdfe470 Thread added: 0x0000024a45e58470
Event: 0.038 Thread 0x0000024a45e58470 Thread added: 0x0000024a45f3af70
Event: 0.057 Thread 0x0000024a45e58470 Thread added: 0x0000024a4601a1d0
Event: 0.067 Thread 0x0000024a6cdfe470 Thread added: 0x0000024a461381e0
Event: 0.094 Thread 0x0000024a45e58470 Thread added: 0x0000024a4614bdf0
Event: 0.094 Thread 0x0000024a45e58470 Thread added: 0x0000024a4614c490
Event: 0.204 Thread 0x0000024a6cdfe470 Thread added: 0x0000024a46136e30


Dynamic libraries:
0x00007ff773b70000 - 0x00007ff773b7e000 	c:\Users\xiao\.cursor\extensions\redhat.java-1.50.0-win32-x64\jre\21.0.9-win32-x86_64\bin\java.exe
0x00007ff87f6b0000 - 0x00007ff87f8c7000 	C:\windows\SYSTEM32\ntdll.dll
0x00007ff87ea90000 - 0x00007ff87eb54000 	C:\windows\System32\KERNEL32.DLL
0x00007ff87cb90000 - 0x00007ff87cf62000 	C:\windows\System32\KERNELBASE.dll
0x00007ff87cf70000 - 0x00007ff87d081000 	C:\windows\System32\ucrtbase.dll
0x00007ff84c330000 - 0x00007ff84c348000 	c:\Users\xiao\.cursor\extensions\redhat.java-1.50.0-win32-x64\jre\21.0.9-win32-x86_64\bin\jli.dll
0x00007ff813380000 - 0x00007ff81339e000 	c:\Users\xiao\.cursor\extensions\redhat.java-1.50.0-win32-x64\jre\21.0.9-win32-x86_64\bin\VCRUNTIME140.dll
0x00007ff87f310000 - 0x00007ff87f4c1000 	C:\windows\System32\USER32.dll
0x00007ff864e40000 - 0x00007ff8650db000 	C:\windows\WinSxS\amd64_microsoft.windows.common-controls_6595b64144ccf1df_6.0.22621.5547_none_27104afb73855772\COMCTL32.dll
0x00007ff87c7a0000 - 0x00007ff87c7c6000 	C:\windows\System32\win32u.dll
0x00007ff87dbf0000 - 0x00007ff87dc97000 	C:\windows\System32\msvcrt.dll
0x00007ff87f4f0000 - 0x00007ff87f519000 	C:\windows\System32\GDI32.dll
0x00007ff87ca30000 - 0x00007ff87cb53000 	C:\windows\System32\gdi32full.dll
0x00007ff87c7d0000 - 0x00007ff87c86a000 	C:\windows\System32\msvcp_win.dll
0x00007ff87e990000 - 0x00007ff87e9c1000 	C:\windows\System32\IMM32.DLL
0x00007ff8503e0000 - 0x00007ff8503ec000 	c:\Users\xiao\.cursor\extensions\redhat.java-1.50.0-win32-x64\jre\21.0.9-win32-x86_64\bin\vcruntime140_1.dll
0x00007ff810520000 - 0x00007ff8105ad000 	c:\Users\xiao\.cursor\extensions\redhat.java-1.50.0-win32-x64\jre\21.0.9-win32-x86_64\bin\msvcp140.dll
0x00007fffe4b70000 - 0x00007fffe5910000 	c:\Users\xiao\.cursor\extensions\redhat.java-1.50.0-win32-x64\jre\21.0.9-win32-x86_64\bin\server\jvm.dll
0x00007ff87e9d0000 - 0x00007ff87ea81000 	C:\windows\System32\ADVAPI32.dll
0x00007ff87de60000 - 0x00007ff87df08000 	C:\windows\System32\sechost.dll
0x00007ff87cb60000 - 0x00007ff87cb88000 	C:\windows\System32\bcrypt.dll
0x00007ff87e2e0000 - 0x00007ff87e3f4000 	C:\windows\System32\RPCRT4.dll
0x00007ff87f5f0000 - 0x00007ff87f661000 	C:\windows\System32\WS2_32.dll
0x00007ff87bf90000 - 0x00007ff87bfdd000 	C:\windows\SYSTEM32\POWRPROF.dll
0x00007ff8771f0000 - 0x00007ff877224000 	C:\windows\SYSTEM32\WINMM.dll
0x00007ff866190000 - 0x00007ff86619a000 	C:\windows\SYSTEM32\VERSION.dll
0x00007ff87bf70000 - 0x00007ff87bf83000 	C:\windows\SYSTEM32\UMPDC.dll
0x00007ff87b790000 - 0x00007ff87b7a8000 	C:\windows\SYSTEM32\kernel.appcore.dll
0x00007ff84c200000 - 0x00007ff84c20a000 	c:\Users\xiao\.cursor\extensions\redhat.java-1.50.0-win32-x64\jre\21.0.9-win32-x86_64\bin\jimage.dll
0x00007ff871dd0000 - 0x00007ff872003000 	C:\windows\SYSTEM32\DBGHELP.DLL
0x00007ff87ed10000 - 0x00007ff87f0a3000 	C:\windows\System32\combase.dll
0x00007ff87e070000 - 0x00007ff87e147000 	C:\windows\System32\OLEAUT32.dll
0x00007ff862c20000 - 0x00007ff862c52000 	C:\windows\SYSTEM32\dbgcore.DLL
0x00007ff87c8f0000 - 0x00007ff87c96b000 	C:\windows\System32\bcryptPrimitives.dll
0x00007ff84bfc0000 - 0x00007ff84bfcf000 	c:\Users\xiao\.cursor\extensions\redhat.java-1.50.0-win32-x64\jre\21.0.9-win32-x86_64\bin\instrument.dll
0x00007ff810e10000 - 0x00007ff810e30000 	c:\Users\xiao\.cursor\extensions\redhat.java-1.50.0-win32-x64\jre\21.0.9-win32-x86_64\bin\java.dll
0x00007ff87d340000 - 0x00007ff87dbe2000 	C:\windows\System32\SHELL32.dll
0x00007ff87d200000 - 0x00007ff87d33f000 	C:\windows\System32\wintypes.dll
0x00007ff87a680000 - 0x00007ff87af9d000 	C:\windows\SYSTEM32\windows.storage.dll
0x00007ff87dca0000 - 0x00007ff87ddac000 	C:\windows\System32\SHCORE.dll
0x00007ff87e160000 - 0x00007ff87e1c9000 	C:\windows\System32\shlwapi.dll
0x00007ff87c6d0000 - 0x00007ff87c6fb000 	C:\windows\SYSTEM32\profapi.dll
0x00007ff810df0000 - 0x00007ff810e08000 	c:\Users\xiao\.cursor\extensions\redhat.java-1.50.0-win32-x64\jre\21.0.9-win32-x86_64\bin\zip.dll
0x00007ff82b0c0000 - 0x00007ff82b0d0000 	C:\Users\xiao\.cursor\extensions\redhat.java-1.50.0-win32-x64\jre\21.0.9-win32-x86_64\bin\net.dll
0x00007ff8786e0000 - 0x00007ff87880c000 	C:\windows\SYSTEM32\WINHTTP.dll
0x00007ff87bc00000 - 0x00007ff87bc69000 	C:\windows\system32\mswsock.dll
0x00007ff810dd0000 - 0x00007ff810de6000 	C:\Users\xiao\.cursor\extensions\redhat.java-1.50.0-win32-x64\jre\21.0.9-win32-x86_64\bin\nio.dll
0x00007ff816dc0000 - 0x00007ff816dd0000 	c:\Users\xiao\.cursor\extensions\redhat.java-1.50.0-win32-x64\jre\21.0.9-win32-x86_64\bin\verify.dll

JVMTI agents:
c:\Users\xiao\.cursor\extensions\redhat.java-1.50.0-win32-x64\lombok\lombok-1.18.39-4050.jar path:c:\Users\xiao\.cursor\extensions\redhat.java-1.50.0-win32-x64\jre\21.0.9-win32-x86_64\bin\instrument.dll, loaded, initialized, instrumentlib options:none

dbghelp: loaded successfully - version: 4.0.5 - missing functions: none
symbol engine: initialized successfully - sym options: 0x614 - pdb path: .;c:\Users\xiao\.cursor\extensions\redhat.java-1.50.0-win32-x64\jre\21.0.9-win32-x86_64\bin;C:\windows\SYSTEM32;C:\windows\WinSxS\amd64_microsoft.windows.common-controls_6595b64144ccf1df_6.0.22621.5547_none_27104afb73855772;c:\Users\xiao\.cursor\extensions\redhat.java-1.50.0-win32-x64\jre\21.0.9-win32-x86_64\bin\server

VM Arguments:
jvm_args: --add-modules=ALL-SYSTEM --add-opens=java.base/java.util=ALL-UNNAMED --add-opens=java.base/java.lang=ALL-UNNAMED --add-opens=java.base/sun.nio.fs=ALL-UNNAMED -Declipse.application=org.eclipse.jdt.ls.core.id1 -Dosgi.bundles.defaultStartLevel=4 -Declipse.product=org.eclipse.jdt.ls.core.product -Djava.import.generatesMetadataFilesAtProjectRoot=false -DDetectVMInstallationsJob.disabled=true -Dfile.encoding=utf8 -XX:+UseParallelGC -XX:GCTimeRatio=4 -XX:AdaptiveSizePolicyWeight=90 -Dsun.zip.disableMemoryMapping=true -Xmx2G -Xms100m -Xlog:disable -javaagent:c:\Users\xiao\.cursor\extensions\redhat.java-1.50.0-win32-x64\lombok\lombok-1.18.39-4050.jar 
java_command: c:\Users\xiao\.cursor\extensions\redhat.java-1.50.0-win32-x64\server\plugins\org.eclipse.equinox.launcher_1.7.100.v20251111-0406.jar -configuration c:\Users\xiao\AppData\Roaming\Cursor\User\globalStorage\redhat.java\1.50.0\config_ss_win -data c:\Users\xiao\AppData\Roaming\Cursor\User\workspaceStorage\72f449efd8c44473c35e3f18b3a5e343\redhat.java\ss_ws --pipe=\\.\pipe\lsp-6a6ff79a425b1ce7a390d7b2cd591f17-sock
java_class_path (initial): c:\Users\xiao\.cursor\extensions\redhat.java-1.50.0-win32-x64\server\plugins\org.eclipse.equinox.launcher_1.7.100.v20251111-0406.jar
Launcher Type: SUN_STANDARD

[Global flags]
    uintx AdaptiveSizePolicyWeight                 = 90                                        {product} {command line}
     intx CICompilerCount                          = 12                                        {product} {ergonomic}
    uintx GCTimeRatio                              = 4                                         {product} {command line}
   size_t InitialHeapSize                          = 104857600                                 {product} {command line}
   size_t MaxHeapSize                              = 2147483648                                {product} {command line}
   size_t MaxNewSize                               = 715653120                                 {product} {ergonomic}
   size_t MinHeapDeltaBytes                        = 524288                                    {product} {ergonomic}
   size_t MinHeapSize                              = 104857600                                 {product} {command line}
   size_t NewSize                                  = 34603008                                  {product} {ergonomic}
    uintx NonNMethodCodeHeapSize                   = 7602480                                {pd product} {ergonomic}
    uintx NonProfiledCodeHeapSize                  = 122027880                              {pd product} {ergonomic}
   size_t OldSize                                  = 70254592                                  {product} {ergonomic}
    uintx ProfiledCodeHeapSize                     = 122027880                              {pd product} {ergonomic}
    uintx ReservedCodeCacheSize                    = 251658240                              {pd product} {ergonomic}
     bool SegmentedCodeCache                       = true                                      {product} {ergonomic}
   size_t SoftMaxHeapSize                          = 2147483648                             {manageable} {ergonomic}
     bool UseCompressedOops                        = true                           {product lp64_product} {ergonomic}
     bool UseLargePagesIndividualAllocation        = false                                  {pd product} {ergonomic}
     bool UseParallelGC                            = true                                      {product} {command line}

Logging:
Log output configuration:
 #0: stdout all=off uptime,level,tags foldmultilines=false
 #1: stderr all=off uptime,level,tags foldmultilines=false

Release file:
JAVA_VERSION="21.0.9" 
MODULES="java.base java.compiler java.datatransfer java.xml java.prefs java.desktop java.instrument java.logging java.management java.security.sasl java.naming java.rmi java.management.rmi java.net.http java.scripting java.security.jgss java.transaction.xa java.sql java.sql.rowset java.xml.crypto java.se java.smartcardio jdk.accessibility jdk.internal.jvmstat jdk.attach jdk.charsets jdk.internal.opt jdk.zipfs jdk.compiler jdk.crypto.ec jdk.crypto.cryptoki jdk.crypto.mscapi jdk.dynalink jdk.internal.ed jdk.editpad jdk.hotspot.agent jdk.httpserver jdk.internal.le jdk.internal.vm.ci jdk.internal.vm.compiler jdk.internal.vm.compiler.management jdk.jartool jdk.javadoc jdk.jcmd jdk.management jdk.management.agent jdk.jconsole jdk.jdeps jdk.jdwp.agent jdk.jdi jdk.jfr jdk.jshell jdk.jsobject jdk.jstatd jdk.localedata jdk.management.jfr jdk.naming.dns jdk.naming.rmi jdk.net jdk.nio.mapmode jdk.random jdk.sctp jdk.security.auth jdk.security.jgss jdk.unsupported jdk.unsupported.desktop jdk.xml.dom" 

Environment Variables:
JAVA_HOME=C:\Program Files\Java\jdk-21
CLASSPATH=.;D:\downloads\Mysql-jdbc\mysql-connector-j-8.3.0\mysql-connector-j-8.3.0.jar
PATH=C:\Program Files\Common Files\Oracle\Java\javapath;C:\Program Files\Java\jdk-21\bin;C:\Program Files (x86)\Common Files\Oracle\Java\javapath;C:\windows\system32;C:\windows;C:\windows\System32\Wbem;C:\windows\System32\WindowsPowerShell\v1.0\;C:\windows\System32\OpenSSH\;C:\Program Files\mysql-5.7.43-winx64\bin;C:\Program Files\Git\cmd;C:\Program Files\mingw64\bin;D:\downloads\Kotlinc\bin;% JAVA_HOME %\bin;D:\downloads\Tomcat\apache-tomcat-10.1.23\bin;D:\downloads\MySQL\mysql-8.0.36-winx64\bin;D:\downloads\Maven\apache-maven-3.9.6\bin;D:\downloads\AWS;D:\downloads\Node.js\;C:\Program Files\Java\jdk-21\bin;C:\Program Files\dotnet\;C:\Program Files\MySQL\MySQL Server 8.4\bin;C:\Program Files (x86)\Gpg4win\..\GnuPG\bin;C:\Program Files\Docker\Docker\resources\bin;C:\Program Files\PowerShell\7\;C:\Program Files (x86)\GnuPG\bin;C:\Users\xiao\AppData\Local\Programs\Python\Python311\Scripts\;C:\Users\xiao\AppData\Local\Programs\Python\Python311\;C:\Users\xiao\AppData\Local\Microsoft\WindowsApps;C:\Program Files\JetBrains\PyCharm 2023.2.1\bin;;C:\Users\xiao\AppData\Local\GitHubDesktop\bin;D:\downloads\Gradle-8.2\bin;;D:\downloads\Clion\CLion 2023.3.2\bin;;C:\Users\xiao\AppData\Roaming\npm;D:\downloads\intellij\IntelliJ IDEA 2024.3.2.1\bin;;D:\downloads\cursor\cursor\resources\app\bin;D:\downloads\vscode\Microsoft VS Code\bin
USERNAME=xiao
OS=Windows_NT
PROCESSOR_IDENTIFIER=Intel64 Family 6 Model 154 Stepping 3, GenuineIntel
TMP=C:\Users\xiao\AppData\Local\Temp
TEMP=C:\Users\xiao\AppData\Local\Temp




Periodic native trim disabled

---------------  S Y S T E M  ---------------

OS:
 Windows 11 , 64 bit Build 22621 (10.0.22621.5415)
OS uptime: 6 days 3:07 hours
Hyper-V role detected

CPU: total 16 (initial active 16) (8 cores per cpu, 2 threads per core) family 6 model 154 stepping 3 microcode 0x42a, cx8, cmov, fxsr, ht, mmx, 3dnowpref, sse, sse2, sse3, ssse3, sse4.1, sse4.2, popcnt, lzcnt, tsc, tscinvbit, avx, avx2, aes, erms, clmul, bmi1, bmi2, adx, sha, fma, vzeroupper, clflush, clflushopt, clwb, hv, serialize, rdtscp, rdpid, fsrm, f16c, cet_ibt, cet_ss
Processor Information for processor 0
  Max Mhz: 2300, Current Mhz: 2300, Mhz Limit: 2300
Processor Information for processor 1
  Max Mhz: 2300, Current Mhz: 2300, Mhz Limit: 2300
Processor Information for processor 2
  Max Mhz: 2300, Current Mhz: 2300, Mhz Limit: 2300
Processor Information for processor 3
  Max Mhz: 2300, Current Mhz: 2300, Mhz Limit: 2300
Processor Information for processor 4
  Max Mhz: 2300, Current Mhz: 2300, Mhz Limit: 2300
Processor Information for processor 5
  Max Mhz: 2300, Current Mhz: 2300, Mhz Limit: 2300
Processor Information for processor 6
  Max Mhz: 2300, Current Mhz: 2300, Mhz Limit: 2300
Processor Information for processor 7
  Max Mhz: 2300, Current Mhz: 2300, Mhz Limit: 2300
Processor Information for processor 8
  Max Mhz: 2300, Current Mhz: 2300, Mhz Limit: 2300
Processor Information for processor 9
  Max Mhz: 2300, Current Mhz: 2300, Mhz Limit: 2300
Processor Information for processor 10
  Max Mhz: 2300, Current Mhz: 2300, Mhz Limit: 2300
Processor Information for processor 11
  Max Mhz: 2300, Current Mhz: 2300, Mhz Limit: 2300
Processor Information for processor 12
  Max Mhz: 2300, Current Mhz: 2300, Mhz Limit: 2300
Processor Information for processor 13
  Max Mhz: 2300, Current Mhz: 1488, Mhz Limit: 2300
Processor Information for processor 14
  Max Mhz: 2300, Current Mhz: 2300, Mhz Limit: 2300
Processor Information for processor 15
  Max Mhz: 2300, Current Mhz: 2300, Mhz Limit: 2300

Memory: 4k page, system-wide physical 16108M (414M free)
TotalPageFile size 35308M (AvailPageFile size 35M)
current process WorkingSet (physical memory assigned to process): 81M, peak: 81M
current process commit charge ("private bytes"): 251M, peak: 252M

vm_info: OpenJDK 64-Bit Server VM (21.0.9+10-LTS) for windows-amd64 JRE (21.0.9+10-LTS), built on 2025-10-21T00:00:00Z by "admin" with unknown MS VC++:1942

END.
