#
# There is insufficient memory for the Java Runtime Environment to continue.
# Native memory allocation (malloc) failed to allocate 1872480 bytes. Error detail: Chunk::new
# Possible reasons:
#   The system is out of physical RAM or swap space
#   This process is running with CompressedOops enabled, and the Java Heap may be blocking the growth of the native heap
# Possible solutions:
#   Reduce memory load on the system
#   Increase physical memory or swap space
#   Check if swap backing store is full
#   Decrease Java heap size (-Xmx/-Xms)
#   Decrease number of Java threads
#   Decrease Java thread stack sizes (-Xss)
#   Set larger code cache with -XX:ReservedCodeCacheSize=
#   JVM is running with Unscaled Compressed Oops mode in which the Java heap is
#     placed in the first 4GB address space. The Java Heap base address is the
#     maximum limit for the native heap growth. Please use -XX:HeapBaseMinAddress
#     to set the Java Heap base and to place the Java Heap above 4GB virtual address.
# This output file may be truncated or incomplete.
#
#  Out of Memory Error (arena.cpp:168), pid=33256, tid=16948
#
# JRE version: OpenJDK Runtime Environment Temurin-21.0.9+10 (21.0.9+10) (build 21.0.9+10-LTS)
# Java VM: OpenJDK 64-Bit Server VM Temurin-21.0.9+10 (21.0.9+10-LTS, mixed mode, sharing, tiered, compressed oops, compressed class ptrs, parallel gc, windows-amd64)
# No core dump will be written. Minidumps are not enabled by default on client versions of Windows
#

---------------  S U M M A R Y ------------

Command Line: --add-modules=ALL-SYSTEM --add-opens=java.base/java.util=ALL-UNNAMED --add-opens=java.base/java.lang=ALL-UNNAMED --add-opens=java.base/sun.nio.fs=ALL-UNNAMED -Declipse.application=org.eclipse.jdt.ls.core.id1 -Dosgi.bundles.defaultStartLevel=4 -Declipse.product=org.eclipse.jdt.ls.core.product -Djava.import.generatesMetadataFilesAtProjectRoot=false -DDetectVMInstallationsJob.disabled=true -Dfile.encoding=utf8 -XX:+UseParallelGC -XX:GCTimeRatio=4 -XX:AdaptiveSizePolicyWeight=90 -Dsun.zip.disableMemoryMapping=true -Xmx2G -Xms100m -Xlog:disable -javaagent:c:\Users\xiao\.cursor\extensions\redhat.java-1.50.0-win32-x64\lombok\lombok-1.18.39-4050.jar -XX:+HeapDumpOnOutOfMemoryError -XX:HeapDumpPath=c:\Users\xiao\AppData\Roaming\Cursor\User\workspaceStorage\72f449efd8c44473c35e3f18b3a5e343\redhat.java -Daether.dependencyCollector.impl=bf c:\Users\xiao\.cursor\extensions\redhat.java-1.50.0-win32-x64\server\plugins\org.eclipse.equinox.launcher_1.7.100.v20251111-0406.jar -configuration c:\Users\xiao\AppData\Roaming\Cursor\User\globalStorage\redhat.java\1.50.0\config_win -data c:\Users\xiao\AppData\Roaming\Cursor\User\workspaceStorage\72f449efd8c44473c35e3f18b3a5e343\redhat.java\jdt_ws --pipe=\\.\pipe\lsp-fc41d564d32089c841497dab18c71bb2-sock

Host: 12th Gen Intel(R) Core(TM) i7-12650H, 16 cores, 15G,  Windows 11 , 64 bit Build 22621 (10.0.22621.5415)
Time: Wed Dec 24 13:09:09 2025 elapsed time: 41.895226 seconds (0d 0h 0m 41s)

---------------  T H R E A D  ---------------

Current thread (0x0000023295903ac0):  JavaThread "C2 CompilerThread0" daemon [_thread_in_native, id=16948, stack(0x000000ab46a00000,0x000000ab46b00000) (1024K)]


Current CompileTask:
C2:41895 9260 % !   4       org.eclipse.jdt.internal.compiler.classfmt.ClassFileReader::<init> @ 81 (1968 bytes)

Stack: [0x000000ab46a00000,0x000000ab46b00000]
Native frames: (J=compiled Java code, j=interpreted, Vv=VM code, C=native code)
V  [jvm.dll+0x6d6e29]
V  [jvm.dll+0x8b4b76]
V  [jvm.dll+0x8b712e]
V  [jvm.dll+0x8b7813]
V  [jvm.dll+0x283d86]
V  [jvm.dll+0xc66ed]
V  [jvm.dll+0xc6c31]
V  [jvm.dll+0x3be53b]
V  [jvm.dll+0x1e3b52]
V  [jvm.dll+0x24c0f3]
V  [jvm.dll+0x24b580]
V  [jvm.dll+0x1cb13e]
V  [jvm.dll+0x25b29d]
V  [jvm.dll+0x25982a]
V  [jvm.dll+0x3f7ea6]
V  [jvm.dll+0x85e9ad]
V  [jvm.dll+0x6d565d]
C  [ucrtbase.dll+0x29333]
C  [KERNEL32.DLL+0x1259d]
C  [ntdll.dll+0x5af78]


---------------  P R O C E S S  ---------------

Threads class SMR info:
_java_thread_list=0x000002329d869ce0, length=55, elements={
0x000002323c8cee70, 0x000002323c875b70, 0x000002323c879480, 0x00000232958f5370,
0x00000232958f8640, 0x000002323c87e080, 0x00000232958fdc80, 0x0000023295903ac0,
0x00000232959105d0, 0x00000232958fc8d0, 0x00000232958fcf60, 0x00000232958fa800,
0x00000232958fae90, 0x00000232958fd5f0, 0x00000232958fb520, 0x00000232958fc240,
0x0000023295ab9ec0, 0x0000023295aba560, 0x000002329b77b7f0, 0x000002329b775c10,
0x000002329b7762a0, 0x000002329b779db0, 0x000002329b776930, 0x000002329b776fc0,
0x000002329b777ce0, 0x000002329b778a00, 0x000002329b779090, 0x000002329b779720,
0x000002329b77a440, 0x000002329b77aad0, 0x000002329b77c510, 0x000002329b775580,
0x000002329b77b160, 0x000002329b77cba0, 0x000002329e0bdd40, 0x000002329e0c1ee0,
0x000002329e0c1850, 0x000002329e0bf0f0, 0x000002329e0c2c00, 0x000002329e0bea60,
0x000002329e0bfe10, 0x000002329e0be3d0, 0x000002329e0c2570, 0x000002329e0bf780,
0x000002329e0c3290, 0x000002329e0c3920, 0x000002329e0c04a0, 0x000002329e0c4640,
0x000002329e0c4cd0, 0x000002329e0c0b30, 0x000002329e0c11c0, 0x000002329ead2960,
0x000002329eacfb70, 0x000002329ead2ff0, 0x000002329ead0890
}

Java Threads: ( => current thread )
  0x000002323c8cee70 JavaThread "main"                              [_thread_blocked, id=33064, stack(0x000000ab46000000,0x000000ab46100000) (1024K)]
  0x000002323c875b70 JavaThread "Reference Handler"          daemon [_thread_blocked, id=8880, stack(0x000000ab46400000,0x000000ab46500000) (1024K)]
  0x000002323c879480 JavaThread "Finalizer"                  daemon [_thread_blocked, id=15024, stack(0x000000ab46500000,0x000000ab46600000) (1024K)]
  0x00000232958f5370 JavaThread "Signal Dispatcher"          daemon [_thread_blocked, id=25712, stack(0x000000ab46600000,0x000000ab46700000) (1024K)]
  0x00000232958f8640 JavaThread "Attach Listener"            daemon [_thread_blocked, id=12236, stack(0x000000ab46700000,0x000000ab46800000) (1024K)]
  0x000002323c87e080 JavaThread "Service Thread"             daemon [_thread_blocked, id=16672, stack(0x000000ab46800000,0x000000ab46900000) (1024K)]
  0x00000232958fdc80 JavaThread "Monitor Deflation Thread"   daemon [_thread_blocked, id=4496, stack(0x000000ab46900000,0x000000ab46a00000) (1024K)]
=>0x0000023295903ac0 JavaThread "C2 CompilerThread0"         daemon [_thread_in_native, id=16948, stack(0x000000ab46a00000,0x000000ab46b00000) (1024K)]
  0x00000232959105d0 JavaThread "C1 CompilerThread0"         daemon [_thread_blocked, id=6212, stack(0x000000ab46b00000,0x000000ab46c00000) (1024K)]
  0x00000232958fc8d0 JavaThread "Common-Cleaner"             daemon [_thread_blocked, id=21616, stack(0x000000ab46f00000,0x000000ab47000000) (1024K)]
  0x00000232958fcf60 JavaThread "Notification Thread"        daemon [_thread_blocked, id=1408, stack(0x000000ab47000000,0x000000ab47100000) (1024K)]
  0x00000232958fa800 JavaThread "Active Thread: Equinox Container: 40dcccc5-12bd-4878-9d9c-b8298f9ea9c4"        [_thread_blocked, id=30788, stack(0x000000ab47a00000,0x000000ab47b00000) (1024K)]
  0x00000232958fae90 JavaThread "Refresh Thread: Equinox Container: 40dcccc5-12bd-4878-9d9c-b8298f9ea9c4" daemon [_thread_blocked, id=1376, stack(0x000000ab46c00000,0x000000ab46d00000) (1024K)]
  0x00000232958fd5f0 JavaThread "Framework Event Dispatcher: Equinox Container: 40dcccc5-12bd-4878-9d9c-b8298f9ea9c4" daemon [_thread_blocked, id=9900, stack(0x000000ab46e00000,0x000000ab46f00000) (1024K)]
  0x00000232958fb520 JavaThread "Start Level: Equinox Container: 40dcccc5-12bd-4878-9d9c-b8298f9ea9c4" daemon [_thread_blocked, id=16056, stack(0x000000ab47100000,0x000000ab47200000) (1024K)]
  0x00000232958fc240 JavaThread "Bundle File Closer"         daemon [_thread_blocked, id=5544, stack(0x000000ab47d00000,0x000000ab47e00000) (1024K)]
  0x0000023295ab9ec0 JavaThread "C1 CompilerThread1"         daemon [_thread_blocked, id=27364, stack(0x000000ab47e00000,0x000000ab47f00000) (1024K)]
  0x0000023295aba560 JavaThread "C1 CompilerThread2"         daemon [_thread_blocked, id=9032, stack(0x000000ab47f00000,0x000000ab48000000) (1024K)]
  0x000002329b77b7f0 JavaThread "SCR Component Actor"        daemon [_thread_blocked, id=1772, stack(0x000000ab48000000,0x000000ab48100000) (1024K)]
  0x000002329b775c10 JavaThread "Worker-JM"                         [_thread_blocked, id=28636, stack(0x000000ab48300000,0x000000ab48400000) (1024K)]
  0x000002329b7762a0 JavaThread "JNA Cleaner"                daemon [_thread_blocked, id=2412, stack(0x000000ab48200000,0x000000ab48300000) (1024K)]
  0x000002329b779db0 JavaThread "Worker-0"                          [_thread_blocked, id=6780, stack(0x000000ab48500000,0x000000ab48600000) (1024K)]
  0x000002329b776930 JavaThread "Worker-1: Java indexing... "        [_thread_blocked, id=9368, stack(0x000000ab48600000,0x000000ab48700000) (1024K)]
  0x000002329b776fc0 JavaThread "Worker-2"                          [_thread_blocked, id=22780, stack(0x000000ab48700000,0x000000ab48800000) (1024K)]
  0x000002329b777ce0 JavaThread "Java indexing"              daemon [_thread_in_Java, id=15876, stack(0x000000ab48800000,0x000000ab48900000) (1024K)]
  0x000002329b778a00 JavaThread "Worker-3: Building"                [_thread_in_native, id=31124, stack(0x000000ab48900000,0x000000ab48a00000) (1024K)]
  0x000002329b779090 JavaThread "Worker-4"                          [_thread_blocked, id=25212, stack(0x000000ab48a00000,0x000000ab48b00000) (1024K)]
  0x000002329b779720 JavaThread "Worker-5"                          [_thread_blocked, id=32356, stack(0x000000ab48b00000,0x000000ab48c00000) (1024K)]
  0x000002329b77a440 JavaThread "Worker-6"                          [_thread_blocked, id=23392, stack(0x000000ab48c00000,0x000000ab48d00000) (1024K)]
  0x000002329b77aad0 JavaThread "Thread-1"                   daemon [_thread_in_native, id=18968, stack(0x000000ab48d00000,0x000000ab48e00000) (1024K)]
  0x000002329b77c510 JavaThread "Thread-2"                   daemon [_thread_in_native, id=12812, stack(0x000000ab48e00000,0x000000ab48f00000) (1024K)]
  0x000002329b775580 JavaThread "Thread-3"                   daemon [_thread_in_native, id=33696, stack(0x000000ab48f00000,0x000000ab49000000) (1024K)]
  0x000002329b77b160 JavaThread "Thread-4"                   daemon [_thread_in_native, id=7928, stack(0x000000ab49000000,0x000000ab49100000) (1024K)]
  0x000002329b77cba0 JavaThread "Thread-5"                   daemon [_thread_in_native, id=12712, stack(0x000000ab49100000,0x000000ab49200000) (1024K)]
  0x000002329e0bdd40 JavaThread "Thread-6"                   daemon [_thread_in_native, id=8556, stack(0x000000ab49200000,0x000000ab49300000) (1024K)]
  0x000002329e0c1ee0 JavaThread "Thread-7"                   daemon [_thread_in_native, id=18216, stack(0x000000ab49300000,0x000000ab49400000) (1024K)]
  0x000002329e0c1850 JavaThread "Thread-8"                   daemon [_thread_in_native, id=32400, stack(0x000000ab49400000,0x000000ab49500000) (1024K)]
  0x000002329e0bf0f0 JavaThread "Thread-9"                   daemon [_thread_in_native, id=29036, stack(0x000000ab49500000,0x000000ab49600000) (1024K)]
  0x000002329e0c2c00 JavaThread "Thread-10"                  daemon [_thread_in_native, id=24848, stack(0x000000ab49600000,0x000000ab49700000) (1024K)]
  0x000002329e0bea60 JavaThread "Thread-11"                  daemon [_thread_in_native, id=18848, stack(0x000000ab49700000,0x000000ab49800000) (1024K)]
  0x000002329e0bfe10 JavaThread "Thread-12"                  daemon [_thread_in_native, id=2936, stack(0x000000ab49800000,0x000000ab49900000) (1024K)]
  0x000002329e0be3d0 JavaThread "Thread-13"                  daemon [_thread_in_native, id=11672, stack(0x000000ab49900000,0x000000ab49a00000) (1024K)]
  0x000002329e0c2570 JavaThread "Thread-14"                  daemon [_thread_in_native, id=20812, stack(0x000000ab49a00000,0x000000ab49b00000) (1024K)]
  0x000002329e0bf780 JavaThread "Thread-15"                  daemon [_thread_in_native, id=21048, stack(0x000000ab49b00000,0x000000ab49c00000) (1024K)]
  0x000002329e0c3290 JavaThread "Thread-16"                  daemon [_thread_in_native, id=6732, stack(0x000000ab49c00000,0x000000ab49d00000) (1024K)]
  0x000002329e0c3920 JavaThread "Thread-17"                  daemon [_thread_in_native, id=22184, stack(0x000000ab49d00000,0x000000ab49e00000) (1024K)]
  0x000002329e0c04a0 JavaThread "pool-2-thread-1"                   [_thread_blocked, id=24900, stack(0x000000ab49e00000,0x000000ab49f00000) (1024K)]
  0x000002329e0c4640 JavaThread "WorkspaceEventsHandler"            [_thread_blocked, id=17952, stack(0x000000ab49f00000,0x000000ab4a000000) (1024K)]
  0x000002329e0c4cd0 JavaThread "pool-1-thread-1"                   [_thread_blocked, id=296, stack(0x000000ab4a000000,0x000000ab4a100000) (1024K)]
  0x000002329e0c0b30 JavaThread "LocalFile Deleter"          daemon [_thread_blocked, id=7908, stack(0x000000ab4a100000,0x000000ab4a200000) (1024K)]
  0x000002329e0c11c0 JavaThread "LocalFile Deleter"          daemon [_thread_blocked, id=26300, stack(0x000000ab4a200000,0x000000ab4a300000) (1024K)]
  0x000002329ead2960 JavaThread "LocalFile Deleter"          daemon [_thread_blocked, id=16024, stack(0x000000ab4a300000,0x000000ab4a400000) (1024K)]
  0x000002329eacfb70 JavaThread "Compiler Source File Reader" daemon [_thread_blocked, id=26924, stack(0x000000ab4a400000,0x000000ab4a500000) (1024K)]
  0x000002329ead2ff0 JavaThread "Compiler Processing Task"   daemon [_thread_blocked, id=29716, stack(0x000000ab4a500000,0x000000ab4a600000) (1024K)]
  0x000002329ead0890 JavaThread "Compiler Class File Writer" daemon [_thread_blocked, id=2904, stack(0x000000ab4a600000,0x000000ab4a700000) (1024K)]
Total: 55

Other Threads:
  0x000002323c864970 VMThread "VM Thread"                           [id=32216, stack(0x000000ab46300000,0x000000ab46400000) (1024K)]
  0x000002323c939440 WatcherThread "VM Periodic Task Thread"        [id=21896, stack(0x000000ab46200000,0x000000ab46300000) (1024K)]
  0x000002323c8ec220 WorkerThread "GC Thread#0"                     [id=1852, stack(0x000000ab46100000,0x000000ab46200000) (1024K)]
  0x000002329b82c9a0 WorkerThread "GC Thread#1"                     [id=32152, stack(0x000000ab47200000,0x000000ab47300000) (1024K)]
  0x000002329b9e8670 WorkerThread "GC Thread#2"                     [id=34740, stack(0x000000ab47300000,0x000000ab47400000) (1024K)]
  0x000002329b9e8a10 WorkerThread "GC Thread#3"                     [id=17248, stack(0x000000ab47400000,0x000000ab47500000) (1024K)]
  0x000002329b63baa0 WorkerThread "GC Thread#4"                     [id=25748, stack(0x000000ab47500000,0x000000ab47600000) (1024K)]
  0x000002329b63be40 WorkerThread "GC Thread#5"                     [id=19948, stack(0x000000ab47600000,0x000000ab47700000) (1024K)]
  0x000002329b63c1e0 WorkerThread "GC Thread#6"                     [id=22876, stack(0x000000ab47700000,0x000000ab47800000) (1024K)]
  0x000002329b9f9c60 WorkerThread "GC Thread#7"                     [id=21072, stack(0x000000ab46d00000,0x000000ab46e00000) (1024K)]
  0x000002329b4fd9f0 WorkerThread "GC Thread#8"                     [id=29528, stack(0x000000ab47900000,0x000000ab47a00000) (1024K)]
  0x000002329b4fc430 WorkerThread "GC Thread#9"                     [id=3856, stack(0x000000ab47b00000,0x000000ab47c00000) (1024K)]
  0x000002329b4fc7d0 WorkerThread "GC Thread#10"                    [id=16196, stack(0x000000ab47c00000,0x000000ab47d00000) (1024K)]
  0x000002329b4fd2b0 WorkerThread "GC Thread#11"                    [id=12344, stack(0x000000ab48100000,0x000000ab48200000) (1024K)]
  0x000002329b4fd650 WorkerThread "GC Thread#12"                    [id=14516, stack(0x000000ab48400000,0x000000ab48500000) (1024K)]
Total: 15

Threads with active compile tasks:
C2 CompilerThread0  41917 9260 % !   4       org.eclipse.jdt.internal.compiler.classfmt.ClassFileReader::<init> @ 81 (1968 bytes)
Total: 1

VM state: not at safepoint (normal execution)

VM Mutex/Monitor currently owned by a thread: None

Heap address: 0x0000000080000000, size: 2048 MB, Compressed Oops mode: 32-bit

CDS archive(s) mapped at: [0x0000023254000000-0x0000023254ba0000-0x0000023254ba0000), size 12189696, SharedBaseAddress: 0x0000023254000000, ArchiveRelocationMode: 1.
Compressed class space mapped at: 0x0000023255000000-0x0000023295000000, reserved size: 1073741824
Narrow klass base: 0x0000023254000000, Narrow klass shift: 0, Narrow klass range: 0x100000000

GC Precious Log:
 CardTable entry size: 512
 CPUs: 16 total, 16 available
 Memory: 16108M
 Large Page Support: Disabled
 NUMA Support: Disabled
 Compressed Oops: Enabled (32-bit)
 Alignments: Space 512K, Generation 512K, Heap 2M
 Heap Min Capacity: 100M
 Heap Initial Capacity: 100M
 Heap Max Capacity: 2G
 Pre-touch: Disabled
 Parallel Workers: 13

Heap:
 PSYoungGen      total 15360K, used 12184K [0x00000000d5580000, 0x00000000d6680000, 0x0000000100000000)
  eden space 13824K, 77% used [0x00000000d5580000,0x00000000d5fece50,0x00000000d6300000)
  from space 1536K, 98% used [0x00000000d6380000,0x00000000d64f93b0,0x00000000d6500000)
  to   space 1536K, 0% used [0x00000000d6500000,0x00000000d6500000,0x00000000d6680000)
 ParOldGen       total 77824K, used 77538K [0x0000000080000000, 0x0000000084c00000, 0x00000000d5580000)
  object space 77824K, 99% used [0x0000000080000000,0x0000000084bb8850,0x0000000084c00000)
 Metaspace       used 55616K, committed 56960K, reserved 1114112K
  class space    used 5945K, committed 6528K, reserved 1048576K

Card table byte_map: [0x000002323c270000,0x000002323c680000] _byte_map_base: 0x000002323be70000

Marking Bits: (ParMarkBitMap*) 0x00007ff809cc2460
 Begin Bits: [0x000002324ed80000, 0x0000023250d80000)
 End Bits:   [0x0000023250d80000, 0x0000023252d80000)

Polling page: 0x000002323a810000

Metaspace:

Usage:
  Non-class:     48.51 MB used.
      Class:      5.81 MB used.
       Both:     54.31 MB used.

Virtual space:
  Non-class space:       64.00 MB reserved,      49.25 MB ( 77%) committed,  1 nodes.
      Class space:        1.00 GB reserved,       6.38 MB ( <1%) committed,  1 nodes.
             Both:        1.06 GB reserved,      55.62 MB (  5%) committed. 

Chunk freelists:
   Non-Class:  14.09 MB
       Class:  9.55 MB
        Both:  23.64 MB

MaxMetaspaceSize: unlimited
CompressedClassSpaceSize: 1.00 GB
Initial GC threshold: 21.00 MB
Current GC threshold: 58.38 MB
CDS: on
 - commit_granule_bytes: 65536.
 - commit_granule_words: 8192.
 - virtual_space_node_default_size: 8388608.
 - enlarge_chunks_in_place: 1.
 - use_allocation_guard: 0.


Internal statistics:

num_allocs_failed_limit: 6.
num_arena_births: 1058.
num_arena_deaths: 14.
num_vsnodes_births: 2.
num_vsnodes_deaths: 0.
num_space_committed: 890.
num_space_uncommitted: 0.
num_chunks_returned_to_freelist: 20.
num_chunks_taken_from_freelist: 3710.
num_chunk_merges: 7.
num_chunk_splits: 2228.
num_chunks_enlarged: 1151.
num_inconsistent_stats: 0.

CodeHeap 'non-profiled nmethods': size=119168Kb used=2954Kb max_used=2954Kb free=116213Kb
 bounds [0x0000023247670000, 0x0000023247960000, 0x000002324ead0000]
CodeHeap 'profiled nmethods': size=119104Kb used=18731Kb max_used=18731Kb free=100372Kb
 bounds [0x000002323fad0000, 0x0000023240d20000, 0x0000023246f20000]
CodeHeap 'non-nmethods': size=7488Kb used=2531Kb max_used=2941Kb free=4956Kb
 bounds [0x0000023246f20000, 0x0000023247210000, 0x0000023247670000]
CodeCache: size=245760Kb, used=24216Kb, max_used=24626Kb, free=221541Kb
 total_blobs=9467, nmethods=8750, adapters=621, full_count=0
Compilation: enabled, stopped_count=0, restarted_count=0

Compilation events (20 events):
Event: 41.817 Thread 0x0000023295ab9ec0 9518       2       java.nio.channels.spi.AbstractInterruptibleChannel::<init> (16 bytes)
Event: 41.818 Thread 0x0000023295ab9ec0 nmethod 9518 0x0000023240d13090 code [0x0000023240d13220, 0x0000023240d133a0]
Event: 41.818 Thread 0x0000023295ab9ec0 9519       2       org.eclipse.aether.artifact.DefaultArtifact::emptify (11 bytes)
Event: 41.818 Thread 0x0000023295ab9ec0 nmethod 9519 0x0000023240d13490 code [0x0000023240d13620, 0x0000023240d13718]
Event: 41.837 Thread 0x0000023295ab9ec0 9520       1       org.eclipse.core.internal.jobs.InternalJob::getProgressMonitor (5 bytes)
Event: 41.837 Thread 0x0000023295ab9ec0 nmethod 9520 0x0000023247951d10 code [0x0000023247951ea0, 0x0000023247951f68]
Event: 41.837 Thread 0x0000023295aba560 9521       3       java.lang.StringCoding::implEncodeAsciiArray (47 bytes)
Event: 41.837 Thread 0x0000023295ab9ec0 9522       2       java.util.Properties::entrySet (19 bytes)
Event: 41.837 Thread 0x00000232959105d0 9523       2       java.util.Properties$EntrySet::<init> (10 bytes)
Event: 41.838 Thread 0x00000232959105d0 nmethod 9523 0x0000023240d13790 code [0x0000023240d13920, 0x0000023240d13a40]
Event: 41.838 Thread 0x0000023295aba560 nmethod 9521 0x0000023240d13b10 code [0x0000023240d13cc0, 0x0000023240d13ef8]
Event: 41.838 Thread 0x00000232959105d0 9524       2       java.util.Properties$EntrySet::iterator (10 bytes)
Event: 41.838 Thread 0x0000023295ab9ec0 nmethod 9522 0x0000023240d14090 code [0x0000023240d14240, 0x0000023240d14498]
Event: 41.838 Thread 0x00000232959105d0 nmethod 9524 0x0000023240d14610 code [0x0000023240d147c0, 0x0000023240d148f8]
Event: 41.845 Thread 0x00000232959105d0 9525 %     3       java.util.zip.ZipFile$Source::initCEN @ 261 (612 bytes)
Event: 41.847 Thread 0x00000232959105d0 nmethod 9525% 0x0000023240d14990 code [0x0000023240d14f00, 0x0000023240d181c0]
Event: 41.853 Thread 0x0000023295ab9ec0 9528       2       org.eclipse.jdt.internal.compiler.parser.Scanner::isInModuleDeclaration (18 bytes)
Event: 41.853 Thread 0x0000023295ab9ec0 nmethod 9528 0x0000023240d19610 code [0x0000023240d197c0, 0x0000023240d19910]
Event: 41.874 Thread 0x0000023295ab9ec0 9531       1       org.apache.maven.model.ModelBase::getDependencyManagement (5 bytes)
Event: 41.874 Thread 0x0000023295ab9ec0 nmethod 9531 0x0000023247952010 code [0x00000232479521a0, 0x0000023247952268]

GC Heap History (20 events):
Event: 41.152 GC heap before
{Heap before GC invocations=46 (full 2):
 PSYoungGen      total 15872K, used 15349K [0x00000000d5580000, 0x00000000d6700000, 0x0000000100000000)
  eden space 13824K, 100% used [0x00000000d5580000,0x00000000d6300000,0x00000000d6300000)
  from space 2048K, 74% used [0x00000000d6300000,0x00000000d647d7a8,0x00000000d6500000)
  to   space 2048K, 0% used [0x00000000d6500000,0x00000000d6500000,0x00000000d6700000)
 ParOldGen       total 68608K, used 63555K [0x0000000080000000, 0x0000000084300000, 0x00000000d5580000)
  object space 68608K, 92% used [0x0000000080000000,0x0000000083e10f28,0x0000000084300000)
 Metaspace       used 55395K, committed 56704K, reserved 1114112K
  class space    used 5931K, committed 6464K, reserved 1048576K
}
Event: 41.153 GC heap after
{Heap after GC invocations=46 (full 2):
 PSYoungGen      total 15872K, used 1942K [0x00000000d5580000, 0x00000000d6700000, 0x0000000100000000)
  eden space 13824K, 0% used [0x00000000d5580000,0x00000000d5580000,0x00000000d6300000)
  from space 2048K, 94% used [0x00000000d6500000,0x00000000d66e5808,0x00000000d6700000)
  to   space 2048K, 0% used [0x00000000d6300000,0x00000000d6300000,0x00000000d6500000)
 ParOldGen       total 68608K, used 64911K [0x0000000080000000, 0x0000000084300000, 0x00000000d5580000)
  object space 68608K, 94% used [0x0000000080000000,0x0000000083f63d10,0x0000000084300000)
 Metaspace       used 55395K, committed 56704K, reserved 1114112K
  class space    used 5931K, committed 6464K, reserved 1048576K
}
Event: 41.204 GC heap before
{Heap before GC invocations=47 (full 2):
 PSYoungGen      total 15872K, used 15766K [0x00000000d5580000, 0x00000000d6700000, 0x0000000100000000)
  eden space 13824K, 100% used [0x00000000d5580000,0x00000000d6300000,0x00000000d6300000)
  from space 2048K, 94% used [0x00000000d6500000,0x00000000d66e5808,0x00000000d6700000)
  to   space 2048K, 0% used [0x00000000d6300000,0x00000000d6300000,0x00000000d6500000)
 ParOldGen       total 68608K, used 64911K [0x0000000080000000, 0x0000000084300000, 0x00000000d5580000)
  object space 68608K, 94% used [0x0000000080000000,0x0000000083f63d10,0x0000000084300000)
 Metaspace       used 55405K, committed 56704K, reserved 1114112K
  class space    used 5931K, committed 6464K, reserved 1048576K
}
Event: 41.206 GC heap after
{Heap after GC invocations=47 (full 2):
 PSYoungGen      total 15872K, used 1836K [0x00000000d5580000, 0x00000000d6700000, 0x0000000100000000)
  eden space 13824K, 0% used [0x00000000d5580000,0x00000000d5580000,0x00000000d6300000)
  from space 2048K, 89% used [0x00000000d6300000,0x00000000d64cb008,0x00000000d6500000)
  to   space 2048K, 0% used [0x00000000d6500000,0x00000000d6500000,0x00000000d6700000)
 ParOldGen       total 68608K, used 66535K [0x0000000080000000, 0x0000000084300000, 0x00000000d5580000)
  object space 68608K, 96% used [0x0000000080000000,0x00000000840f9d10,0x0000000084300000)
 Metaspace       used 55405K, committed 56704K, reserved 1114112K
  class space    used 5931K, committed 6464K, reserved 1048576K
}
Event: 41.321 GC heap before
{Heap before GC invocations=48 (full 2):
 PSYoungGen      total 15872K, used 15660K [0x00000000d5580000, 0x00000000d6700000, 0x0000000100000000)
  eden space 13824K, 100% used [0x00000000d5580000,0x00000000d6300000,0x00000000d6300000)
  from space 2048K, 89% used [0x00000000d6300000,0x00000000d64cb008,0x00000000d6500000)
  to   space 2048K, 0% used [0x00000000d6500000,0x00000000d6500000,0x00000000d6700000)
 ParOldGen       total 68608K, used 66535K [0x0000000080000000, 0x0000000084300000, 0x00000000d5580000)
  object space 68608K, 96% used [0x0000000080000000,0x00000000840f9d10,0x0000000084300000)
 Metaspace       used 55441K, committed 56832K, reserved 1114112K
  class space    used 5934K, committed 6528K, reserved 1048576K
}
Event: 41.322 GC heap after
{Heap after GC invocations=48 (full 2):
 PSYoungGen      total 15872K, used 1731K [0x00000000d5580000, 0x00000000d6700000, 0x0000000100000000)
  eden space 13824K, 0% used [0x00000000d5580000,0x00000000d5580000,0x00000000d6300000)
  from space 2048K, 84% used [0x00000000d6500000,0x00000000d66b0ec8,0x00000000d6700000)
  to   space 2048K, 0% used [0x00000000d6300000,0x00000000d6300000,0x00000000d6500000)
 ParOldGen       total 68608K, used 68211K [0x0000000080000000, 0x0000000084300000, 0x00000000d5580000)
  object space 68608K, 99% used [0x0000000080000000,0x000000008429cd18,0x0000000084300000)
 Metaspace       used 55441K, committed 56832K, reserved 1114112K
  class space    used 5934K, committed 6528K, reserved 1048576K
}
Event: 41.380 GC heap before
{Heap before GC invocations=49 (full 2):
 PSYoungGen      total 15872K, used 15555K [0x00000000d5580000, 0x00000000d6700000, 0x0000000100000000)
  eden space 13824K, 100% used [0x00000000d5580000,0x00000000d6300000,0x00000000d6300000)
  from space 2048K, 84% used [0x00000000d6500000,0x00000000d66b0ec8,0x00000000d6700000)
  to   space 2048K, 0% used [0x00000000d6300000,0x00000000d6300000,0x00000000d6500000)
 ParOldGen       total 68608K, used 68211K [0x0000000080000000, 0x0000000084300000, 0x00000000d5580000)
  object space 68608K, 99% used [0x0000000080000000,0x000000008429cd18,0x0000000084300000)
 Metaspace       used 55532K, committed 56896K, reserved 1114112K
  class space    used 5945K, committed 6528K, reserved 1048576K
}
Event: 41.381 GC heap after
{Heap after GC invocations=49 (full 2):
 PSYoungGen      total 15872K, used 1750K [0x00000000d5580000, 0x00000000d6700000, 0x0000000100000000)
  eden space 13824K, 0% used [0x00000000d5580000,0x00000000d5580000,0x00000000d6300000)
  from space 2048K, 85% used [0x00000000d6300000,0x00000000d64b5808,0x00000000d6500000)
  to   space 2048K, 0% used [0x00000000d6500000,0x00000000d6500000,0x00000000d6700000)
 ParOldGen       total 69632K, used 69631K [0x0000000080000000, 0x0000000084400000, 0x00000000d5580000)
  object space 69632K, 99% used [0x0000000080000000,0x00000000843ffc28,0x0000000084400000)
 Metaspace       used 55532K, committed 56896K, reserved 1114112K
  class space    used 5945K, committed 6528K, reserved 1048576K
}
Event: 41.439 GC heap before
{Heap before GC invocations=50 (full 2):
 PSYoungGen      total 15872K, used 15574K [0x00000000d5580000, 0x00000000d6700000, 0x0000000100000000)
  eden space 13824K, 100% used [0x00000000d5580000,0x00000000d6300000,0x00000000d6300000)
  from space 2048K, 85% used [0x00000000d6300000,0x00000000d64b5808,0x00000000d6500000)
  to   space 2048K, 0% used [0x00000000d6500000,0x00000000d6500000,0x00000000d6700000)
 ParOldGen       total 69632K, used 69631K [0x0000000080000000, 0x0000000084400000, 0x00000000d5580000)
  object space 69632K, 99% used [0x0000000080000000,0x00000000843ffc28,0x0000000084400000)
 Metaspace       used 55536K, committed 56896K, reserved 1114112K
  class space    used 5945K, committed 6528K, reserved 1048576K
}
Event: 41.440 GC heap after
{Heap after GC invocations=50 (full 2):
 PSYoungGen      total 15872K, used 1740K [0x00000000d5580000, 0x00000000d6700000, 0x0000000100000000)
  eden space 13824K, 0% used [0x00000000d5580000,0x00000000d5580000,0x00000000d6300000)
  from space 2048K, 84% used [0x00000000d6500000,0x00000000d66b3008,0x00000000d6700000)
  to   space 2048K, 0% used [0x00000000d6300000,0x00000000d6300000,0x00000000d6500000)
 ParOldGen       total 71168K, used 71111K [0x0000000080000000, 0x0000000084580000, 0x00000000d5580000)
  object space 71168K, 99% used [0x0000000080000000,0x0000000084571c28,0x0000000084580000)
 Metaspace       used 55536K, committed 56896K, reserved 1114112K
  class space    used 5945K, committed 6528K, reserved 1048576K
}
Event: 41.579 GC heap before
{Heap before GC invocations=51 (full 2):
 PSYoungGen      total 15872K, used 15555K [0x00000000d5580000, 0x00000000d6700000, 0x0000000100000000)
  eden space 13824K, 99% used [0x00000000d5580000,0x00000000d62fdff0,0x00000000d6300000)
  from space 2048K, 84% used [0x00000000d6500000,0x00000000d66b3008,0x00000000d6700000)
  to   space 2048K, 0% used [0x00000000d6300000,0x00000000d6300000,0x00000000d6500000)
 ParOldGen       total 71168K, used 71111K [0x0000000080000000, 0x0000000084580000, 0x00000000d5580000)
  object space 71168K, 99% used [0x0000000080000000,0x0000000084571c28,0x0000000084580000)
 Metaspace       used 55551K, committed 56896K, reserved 1114112K
  class space    used 5945K, committed 6528K, reserved 1048576K
}
Event: 41.581 GC heap after
{Heap after GC invocations=51 (full 2):
 PSYoungGen      total 15872K, used 1451K [0x00000000d5580000, 0x00000000d6700000, 0x0000000100000000)
  eden space 13824K, 0% used [0x00000000d5580000,0x00000000d5580000,0x00000000d6300000)
  from space 2048K, 70% used [0x00000000d6300000,0x00000000d646ae08,0x00000000d6500000)
  to   space 2048K, 0% used [0x00000000d6500000,0x00000000d6500000,0x00000000d6700000)
 ParOldGen       total 72704K, used 72664K [0x0000000080000000, 0x0000000084700000, 0x00000000d5580000)
  object space 72704K, 99% used [0x0000000080000000,0x00000000846f6240,0x0000000084700000)
 Metaspace       used 55551K, committed 56896K, reserved 1114112K
  class space    used 5945K, committed 6528K, reserved 1048576K
}
Event: 41.638 GC heap before
{Heap before GC invocations=52 (full 2):
 PSYoungGen      total 15872K, used 15275K [0x00000000d5580000, 0x00000000d6700000, 0x0000000100000000)
  eden space 13824K, 100% used [0x00000000d5580000,0x00000000d6300000,0x00000000d6300000)
  from space 2048K, 70% used [0x00000000d6300000,0x00000000d646ae08,0x00000000d6500000)
  to   space 2048K, 0% used [0x00000000d6500000,0x00000000d6500000,0x00000000d6700000)
 ParOldGen       total 72704K, used 72664K [0x0000000080000000, 0x0000000084700000, 0x00000000d5580000)
  object space 72704K, 99% used [0x0000000080000000,0x00000000846f6240,0x0000000084700000)
 Metaspace       used 55587K, committed 56960K, reserved 1114112K
  class space    used 5945K, committed 6528K, reserved 1048576K
}
Event: 41.639 GC heap after
{Heap after GC invocations=52 (full 2):
 PSYoungGen      total 15872K, used 1846K [0x00000000d5580000, 0x00000000d6700000, 0x0000000100000000)
  eden space 13824K, 0% used [0x00000000d5580000,0x00000000d5580000,0x00000000d6300000)
  from space 2048K, 90% used [0x00000000d6500000,0x00000000d66cd808,0x00000000d6700000)
  to   space 2048K, 0% used [0x00000000d6300000,0x00000000d6300000,0x00000000d6500000)
 ParOldGen       total 74240K, used 73884K [0x0000000080000000, 0x0000000084880000, 0x00000000d5580000)
  object space 74240K, 99% used [0x0000000080000000,0x0000000084827048,0x0000000084880000)
 Metaspace       used 55587K, committed 56960K, reserved 1114112K
  class space    used 5945K, committed 6528K, reserved 1048576K
}
Event: 41.728 GC heap before
{Heap before GC invocations=53 (full 2):
 PSYoungGen      total 15872K, used 15670K [0x00000000d5580000, 0x00000000d6700000, 0x0000000100000000)
  eden space 13824K, 100% used [0x00000000d5580000,0x00000000d6300000,0x00000000d6300000)
  from space 2048K, 90% used [0x00000000d6500000,0x00000000d66cd808,0x00000000d6700000)
  to   space 2048K, 0% used [0x00000000d6300000,0x00000000d6300000,0x00000000d6500000)
 ParOldGen       total 74240K, used 73884K [0x0000000080000000, 0x0000000084880000, 0x00000000d5580000)
  object space 74240K, 99% used [0x0000000080000000,0x0000000084827048,0x0000000084880000)
 Metaspace       used 55604K, committed 56960K, reserved 1114112K
  class space    used 5945K, committed 6528K, reserved 1048576K
}
Event: 41.729 GC heap after
{Heap after GC invocations=53 (full 2):
 PSYoungGen      total 15872K, used 1664K [0x00000000d5580000, 0x00000000d6700000, 0x0000000100000000)
  eden space 13824K, 0% used [0x00000000d5580000,0x00000000d5580000,0x00000000d6300000)
  from space 2048K, 81% used [0x00000000d6300000,0x00000000d64a0000,0x00000000d6500000)
  to   space 2048K, 0% used [0x00000000d6500000,0x00000000d6500000,0x00000000d6700000)
 ParOldGen       total 75776K, used 75586K [0x0000000080000000, 0x0000000084a00000, 0x00000000d5580000)
  object space 75776K, 99% used [0x0000000080000000,0x00000000849d0850,0x0000000084a00000)
 Metaspace       used 55604K, committed 56960K, reserved 1114112K
  class space    used 5945K, committed 6528K, reserved 1048576K
}
Event: 41.836 GC heap before
{Heap before GC invocations=54 (full 2):
 PSYoungGen      total 15872K, used 15488K [0x00000000d5580000, 0x00000000d6700000, 0x0000000100000000)
  eden space 13824K, 100% used [0x00000000d5580000,0x00000000d6300000,0x00000000d6300000)
  from space 2048K, 81% used [0x00000000d6300000,0x00000000d64a0000,0x00000000d6500000)
  to   space 2048K, 0% used [0x00000000d6500000,0x00000000d6500000,0x00000000d6700000)
 ParOldGen       total 75776K, used 75586K [0x0000000080000000, 0x0000000084a00000, 0x00000000d5580000)
  object space 75776K, 99% used [0x0000000080000000,0x00000000849d0850,0x0000000084a00000)
 Metaspace       used 55611K, committed 56960K, reserved 1114112K
  class space    used 5945K, committed 6528K, reserved 1048576K
}
Event: 41.837 GC heap after
{Heap after GC invocations=54 (full 2):
 PSYoungGen      total 15360K, used 1056K [0x00000000d5580000, 0x00000000d6680000, 0x0000000100000000)
  eden space 13824K, 0% used [0x00000000d5580000,0x00000000d5580000,0x00000000d6300000)
  from space 1536K, 68% used [0x00000000d6500000,0x00000000d6608000,0x00000000d6680000)
  to   space 1536K, 0% used [0x00000000d6380000,0x00000000d6380000,0x00000000d6500000)
 ParOldGen       total 76800K, used 76578K [0x0000000080000000, 0x0000000084b00000, 0x00000000d5580000)
  object space 76800K, 99% used [0x0000000080000000,0x0000000084ac8850,0x0000000084b00000)
 Metaspace       used 55611K, committed 56960K, reserved 1114112K
  class space    used 5945K, committed 6528K, reserved 1048576K
}
Event: 41.890 GC heap before
{Heap before GC invocations=55 (full 2):
 PSYoungGen      total 15360K, used 14880K [0x00000000d5580000, 0x00000000d6680000, 0x0000000100000000)
  eden space 13824K, 100% used [0x00000000d5580000,0x00000000d6300000,0x00000000d6300000)
  from space 1536K, 68% used [0x00000000d6500000,0x00000000d6608000,0x00000000d6680000)
  to   space 1536K, 0% used [0x00000000d6380000,0x00000000d6380000,0x00000000d6500000)
 ParOldGen       total 76800K, used 76578K [0x0000000080000000, 0x0000000084b00000, 0x00000000d5580000)
  object space 76800K, 99% used [0x0000000080000000,0x0000000084ac8850,0x0000000084b00000)
 Metaspace       used 55613K, committed 56960K, reserved 1114112K
  class space    used 5945K, committed 6528K, reserved 1048576K
}
Event: 41.891 GC heap after
{Heap after GC invocations=55 (full 2):
 PSYoungGen      total 15360K, used 1508K [0x00000000d5580000, 0x00000000d6680000, 0x0000000100000000)
  eden space 13824K, 0% used [0x00000000d5580000,0x00000000d5580000,0x00000000d6300000)
  from space 1536K, 98% used [0x00000000d6380000,0x00000000d64f93b0,0x00000000d6500000)
  to   space 1536K, 0% used [0x00000000d6500000,0x00000000d6500000,0x00000000d6680000)
 ParOldGen       total 77824K, used 77538K [0x0000000080000000, 0x0000000084c00000, 0x00000000d5580000)
  object space 77824K, 99% used [0x0000000080000000,0x0000000084bb8850,0x0000000084c00000)
 Metaspace       used 55613K, committed 56960K, reserved 1114112K
  class space    used 5945K, committed 6528K, reserved 1048576K
}

Dll operation events (10 events):
Event: 0.103 Loaded shared library c:\Users\xiao\.cursor\extensions\redhat.java-1.50.0-win32-x64\jre\21.0.9-win32-x86_64\bin\java.dll
Event: 0.138 Loaded shared library c:\Users\xiao\.cursor\extensions\redhat.java-1.50.0-win32-x64\jre\21.0.9-win32-x86_64\bin\zip.dll
Event: 0.195 Loaded shared library C:\Users\xiao\.cursor\extensions\redhat.java-1.50.0-win32-x64\jre\21.0.9-win32-x86_64\bin\instrument.dll
Event: 0.254 Loaded shared library C:\Users\xiao\.cursor\extensions\redhat.java-1.50.0-win32-x64\jre\21.0.9-win32-x86_64\bin\net.dll
Event: 0.301 Loaded shared library C:\Users\xiao\.cursor\extensions\redhat.java-1.50.0-win32-x64\jre\21.0.9-win32-x86_64\bin\nio.dll
Event: 0.305 Loaded shared library C:\Users\xiao\.cursor\extensions\redhat.java-1.50.0-win32-x64\jre\21.0.9-win32-x86_64\bin\zip.dll
Event: 0.321 Loaded shared library C:\Users\xiao\.cursor\extensions\redhat.java-1.50.0-win32-x64\jre\21.0.9-win32-x86_64\bin\jimage.dll
Event: 0.415 Loaded shared library c:\Users\xiao\.cursor\extensions\redhat.java-1.50.0-win32-x64\jre\21.0.9-win32-x86_64\bin\verify.dll
Event: 12.843 Loaded shared library C:\Users\xiao\AppData\Roaming\Cursor\User\globalStorage\redhat.java\1.50.0\config_win\org.eclipse.equinox.launcher\org.eclipse.equinox.launcher.win32.win32.x86_64_1.2.1400.v20250801-0854\eclipse_11916.dll
Event: 34.686 Loaded shared library C:\Users\xiao\AppData\Local\Temp\jna-3678943\jna17033534291889089973.dll

Deoptimization events (20 events):
Event: 41.815 Thread 0x000002329b777ce0 DEOPT PACKING pc=0x0000023240afcbcb sp=0x000000ab488ff190
Event: 41.815 Thread 0x000002329b777ce0 DEOPT UNPACKING pc=0x0000023246f74242 sp=0x000000ab488fe658 mode 0
Event: 41.816 Thread 0x000002329b777ce0 DEOPT PACKING pc=0x0000023240b1105c sp=0x000000ab488ff100
Event: 41.816 Thread 0x000002329b777ce0 DEOPT UNPACKING pc=0x0000023246f74242 sp=0x000000ab488fe600 mode 0
Event: 41.835 Thread 0x000002329b777ce0 DEOPT PACKING pc=0x00000232407998c6 sp=0x000000ab488fedf0
Event: 41.835 Thread 0x000002329b777ce0 DEOPT UNPACKING pc=0x0000023246f74242 sp=0x000000ab488fe370 mode 0
Event: 41.837 Thread 0x000002329b776fc0 DEOPT PACKING pc=0x0000023240b57b7b sp=0x000000ab487feaf0
Event: 41.837 Thread 0x000002329b776fc0 DEOPT UNPACKING pc=0x0000023246f74242 sp=0x000000ab487fdf88 mode 0
Event: 41.866 Thread 0x000002329b777ce0 DEOPT PACKING pc=0x0000023240d09a53 sp=0x000000ab488fef00
Event: 41.866 Thread 0x000002329b777ce0 DEOPT UNPACKING pc=0x0000023246f74242 sp=0x000000ab488fe468 mode 0
Event: 41.871 Thread 0x000002329b777ce0 DEOPT PACKING pc=0x0000023240d09a53 sp=0x000000ab488fef00
Event: 41.871 Thread 0x000002329b777ce0 DEOPT UNPACKING pc=0x0000023246f74242 sp=0x000000ab488fe468 mode 0
Event: 41.875 Thread 0x000002329b777ce0 DEOPT PACKING pc=0x0000023240d09ad3 sp=0x000000ab488fef00
Event: 41.875 Thread 0x000002329b777ce0 DEOPT UNPACKING pc=0x0000023246f74242 sp=0x000000ab488fe468 mode 0
Event: 41.878 Thread 0x000002329b777ce0 DEOPT PACKING pc=0x0000023240d09a53 sp=0x000000ab488fef00
Event: 41.878 Thread 0x000002329b777ce0 DEOPT UNPACKING pc=0x0000023246f74242 sp=0x000000ab488fe468 mode 0
Event: 41.881 Thread 0x000002329b777ce0 DEOPT PACKING pc=0x0000023240d09a53 sp=0x000000ab488fef00
Event: 41.881 Thread 0x000002329b777ce0 DEOPT UNPACKING pc=0x0000023246f74242 sp=0x000000ab488fe468 mode 0
Event: 41.885 Thread 0x000002329b777ce0 DEOPT PACKING pc=0x0000023240d09ad3 sp=0x000000ab488fef00
Event: 41.885 Thread 0x000002329b777ce0 DEOPT UNPACKING pc=0x0000023246f74242 sp=0x000000ab488fe468 mode 0

Classes loaded (20 events):
Event: 40.144 Loading class java/util/Vector$1
Event: 40.145 Loading class java/util/Vector$1 done
Event: 40.410 Loading class java/util/regex/Pattern$Caret
Event: 40.411 Loading class java/util/regex/Pattern$Caret done
Event: 40.530 Loading class java/util/stream/ReduceOps$4
Event: 40.530 Loading class java/util/stream/ReduceOps$4 done
Event: 40.530 Loading class java/util/stream/ReduceOps$4ReducingSink
Event: 40.531 Loading class java/util/stream/ReduceOps$4ReducingSink done
Event: 40.532 Loading class java/nio/file/Files$2
Event: 40.533 Loading class java/nio/file/Files$2 done
Event: 40.573 Loading class java/util/concurrent/ArrayBlockingQueue
Event: 40.574 Loading class java/util/concurrent/ArrayBlockingQueue done
Event: 40.667 Loading class java/util/Hashtable$ValueCollection
Event: 40.668 Loading class java/util/Hashtable$ValueCollection done
Event: 40.669 Loading class java/util/concurrent/ConcurrentHashMap$KeySpliterator
Event: 40.669 Loading class java/util/concurrent/ConcurrentHashMap$KeySpliterator done
Event: 40.674 Loading class sun/nio/ch/ChannelOutputStream
Event: 40.674 Loading class sun/nio/ch/ChannelOutputStream done
Event: 41.339 Loading class java/util/WeakHashMap$KeyIterator
Event: 41.339 Loading class java/util/WeakHashMap$KeyIterator done

Classes unloaded (7 events):
Event: 36.339 Thread 0x000002323c864970 Unloading class 0x00000232551a8800 'java/lang/invoke/LambdaForm$MH+0x00000232551a8800'
Event: 36.339 Thread 0x000002323c864970 Unloading class 0x00000232551a8400 'java/lang/invoke/LambdaForm$MH+0x00000232551a8400'
Event: 36.339 Thread 0x000002323c864970 Unloading class 0x00000232551a8000 'java/lang/invoke/LambdaForm$MH+0x00000232551a8000'
Event: 36.339 Thread 0x000002323c864970 Unloading class 0x00000232551a7c00 'java/lang/invoke/LambdaForm$MH+0x00000232551a7c00'
Event: 36.339 Thread 0x000002323c864970 Unloading class 0x00000232551a7800 'java/lang/invoke/LambdaForm$BMH+0x00000232551a7800'
Event: 36.339 Thread 0x000002323c864970 Unloading class 0x00000232551a7400 'java/lang/invoke/LambdaForm$DMH+0x00000232551a7400'
Event: 36.339 Thread 0x000002323c864970 Unloading class 0x00000232551a6400 'java/lang/invoke/LambdaForm$DMH+0x00000232551a6400'

Classes redefined (0 events):
No events

Internal exceptions (20 events):
Event: 41.332 Thread 0x000002329b779db0 Exception <a 'sun/nio/fs/WindowsException'{0x00000000d57c8cf8}> (0x00000000d57c8cf8) 
thrown [s\src\hotspot\share\prims\jni.cpp, line 520]
Event: 41.334 Thread 0x000002329b779db0 Exception <a 'sun/nio/fs/WindowsException'{0x00000000d585a6a8}> (0x00000000d585a6a8) 
thrown [s\src\hotspot\share\prims\jni.cpp, line 520]
Event: 41.334 Thread 0x000002329b779db0 Exception <a 'sun/nio/fs/WindowsException'{0x00000000d585af88}> (0x00000000d585af88) 
thrown [s\src\hotspot\share\prims\jni.cpp, line 520]
Event: 41.335 Thread 0x000002329b779db0 Exception <a 'sun/nio/fs/WindowsException'{0x00000000d5860a18}> (0x00000000d5860a18) 
thrown [s\src\hotspot\share\prims\jni.cpp, line 520]
Event: 41.335 Thread 0x000002329b779db0 Exception <a 'sun/nio/fs/WindowsException'{0x00000000d58612f8}> (0x00000000d58612f8) 
thrown [s\src\hotspot\share\prims\jni.cpp, line 520]
Event: 41.335 Thread 0x000002329b779db0 Exception <a 'sun/nio/fs/WindowsException'{0x00000000d58a6e20}> (0x00000000d58a6e20) 
thrown [s\src\hotspot\share\prims\jni.cpp, line 520]
Event: 41.335 Thread 0x000002329b779db0 Exception <a 'sun/nio/fs/WindowsException'{0x00000000d58a7700}> (0x00000000d58a7700) 
thrown [s\src\hotspot\share\prims\jni.cpp, line 520]
Event: 41.336 Thread 0x000002329b779db0 Exception <a 'sun/nio/fs/WindowsException'{0x00000000d58a9150}> (0x00000000d58a9150) 
thrown [s\src\hotspot\share\prims\jni.cpp, line 520]
Event: 41.336 Thread 0x000002329b779db0 Exception <a 'sun/nio/fs/WindowsException'{0x00000000d58a9c78}> (0x00000000d58a9c78) 
thrown [s\src\hotspot\share\prims\jni.cpp, line 520]
Event: 41.336 Thread 0x000002329b779db0 Exception <a 'sun/nio/fs/WindowsException'{0x00000000d58ab6c8}> (0x00000000d58ab6c8) 
thrown [s\src\hotspot\share\prims\jni.cpp, line 520]
Event: 41.336 Thread 0x000002329b779db0 Exception <a 'sun/nio/fs/WindowsException'{0x00000000d58f0338}> (0x00000000d58f0338) 
thrown [s\src\hotspot\share\prims\jni.cpp, line 520]
Event: 41.337 Thread 0x000002329b779db0 Exception <a 'sun/nio/fs/WindowsException'{0x00000000d58faf48}> (0x00000000d58faf48) 
thrown [s\src\hotspot\share\prims\jni.cpp, line 520]
Event: 41.337 Thread 0x000002329b779db0 Exception <a 'sun/nio/fs/WindowsException'{0x00000000d58fb828}> (0x00000000d58fb828) 
thrown [s\src\hotspot\share\prims\jni.cpp, line 520]
Event: 41.341 Thread 0x000002329b779db0 Exception <a 'java/io/FileNotFoundException'{0x00000000d59f2df8}> (0x00000000d59f2df8) 
thrown [s\src\hotspot\share\prims\jni.cpp, line 520]
Event: 41.341 Thread 0x000002329b779db0 Exception <a 'java/io/FileNotFoundException'{0x00000000d5a34518}> (0x00000000d5a34518) 
thrown [s\src\hotspot\share\prims\jni.cpp, line 520]
Event: 41.341 Thread 0x000002329b779db0 Exception <a 'java/io/FileNotFoundException'{0x00000000d5a35460}> (0x00000000d5a35460) 
thrown [s\src\hotspot\share\prims\jni.cpp, line 520]
Event: 41.526 Thread 0x000002329b777ce0 Exception <a 'sun/nio/fs/WindowsException'{0x00000000d620cab8}> (0x00000000d620cab8) 
thrown [s\src\hotspot\share\prims\jni.cpp, line 520]
Event: 41.709 Thread 0x000002329b777ce0 Exception <a 'sun/nio/fs/WindowsException'{0x00000000d5e948d0}> (0x00000000d5e948d0) 
thrown [s\src\hotspot\share\prims\jni.cpp, line 520]
Event: 41.782 Thread 0x000002329b777ce0 Exception <a 'sun/nio/fs/WindowsException'{0x00000000d5c74448}> (0x00000000d5c74448) 
thrown [s\src\hotspot\share\prims\jni.cpp, line 520]
Event: 41.835 Thread 0x000002329b777ce0 Exception <a 'sun/nio/fs/WindowsException'{0x00000000d62dd280}> (0x00000000d62dd280) 
thrown [s\src\hotspot\share\prims\jni.cpp, line 520]

ZGC Phase Switch (0 events):
No events

VM Operations (20 events):
Event: 41.152 Executing VM operation: ParallelGCFailedAllocation (Allocation Failure)
Event: 41.153 Executing VM operation: ParallelGCFailedAllocation (Allocation Failure) done
Event: 41.204 Executing VM operation: ParallelGCFailedAllocation (Allocation Failure)
Event: 41.206 Executing VM operation: ParallelGCFailedAllocation (Allocation Failure) done
Event: 41.321 Executing VM operation: ParallelGCFailedAllocation (Allocation Failure)
Event: 41.322 Executing VM operation: ParallelGCFailedAllocation (Allocation Failure) done
Event: 41.380 Executing VM operation: ParallelGCFailedAllocation (Allocation Failure)
Event: 41.381 Executing VM operation: ParallelGCFailedAllocation (Allocation Failure) done
Event: 41.439 Executing VM operation: ParallelGCFailedAllocation (Allocation Failure)
Event: 41.440 Executing VM operation: ParallelGCFailedAllocation (Allocation Failure) done
Event: 41.579 Executing VM operation: ParallelGCFailedAllocation (Allocation Failure)
Event: 41.581 Executing VM operation: ParallelGCFailedAllocation (Allocation Failure) done
Event: 41.638 Executing VM operation: ParallelGCFailedAllocation (Allocation Failure)
Event: 41.639 Executing VM operation: ParallelGCFailedAllocation (Allocation Failure) done
Event: 41.728 Executing VM operation: ParallelGCFailedAllocation (Allocation Failure)
Event: 41.729 Executing VM operation: ParallelGCFailedAllocation (Allocation Failure) done
Event: 41.836 Executing VM operation: ParallelGCFailedAllocation (Allocation Failure)
Event: 41.837 Executing VM operation: ParallelGCFailedAllocation (Allocation Failure) done
Event: 41.890 Executing VM operation: ParallelGCFailedAllocation (Allocation Failure)
Event: 41.891 Executing VM operation: ParallelGCFailedAllocation (Allocation Failure) done

Memory protections (0 events):
No events

Nmethod flushes (20 events):
Event: 37.964 Thread 0x000002323c864970 flushing  nmethod 0x0000023240206010
Event: 37.964 Thread 0x000002323c864970 flushing  nmethod 0x000002324020d290
Event: 37.964 Thread 0x000002323c864970 flushing  nmethod 0x000002324023dc90
Event: 37.964 Thread 0x000002323c864970 flushing  nmethod 0x0000023240241510
Event: 37.964 Thread 0x000002323c864970 flushing  nmethod 0x0000023240241e90
Event: 37.964 Thread 0x000002323c864970 flushing  nmethod 0x000002324026ed10
Event: 37.964 Thread 0x000002323c864970 flushing  nmethod 0x0000023240270190
Event: 37.964 Thread 0x000002323c864970 flushing  nmethod 0x0000023240270a90
Event: 37.964 Thread 0x000002323c864970 flushing  nmethod 0x0000023240271c90
Event: 37.964 Thread 0x000002323c864970 flushing  nmethod 0x0000023240273510
Event: 37.964 Thread 0x000002323c864970 flushing  nmethod 0x0000023240275210
Event: 37.964 Thread 0x000002323c864970 flushing  nmethod 0x0000023240275710
Event: 37.964 Thread 0x000002323c864970 flushing  nmethod 0x0000023240276010
Event: 37.964 Thread 0x000002323c864970 flushing  nmethod 0x0000023240277410
Event: 37.964 Thread 0x000002323c864970 flushing  nmethod 0x0000023240278e90
Event: 37.964 Thread 0x000002323c864970 flushing  nmethod 0x000002324027a910
Event: 37.964 Thread 0x000002323c864970 flushing  nmethod 0x00000232402d8590
Event: 37.964 Thread 0x000002323c864970 flushing  nmethod 0x00000232402d9090
Event: 37.964 Thread 0x000002323c864970 flushing  nmethod 0x00000232402de310
Event: 37.964 Thread 0x000002323c864970 flushing  nmethod 0x00000232402e5390

Events (20 events):
Event: 38.053 Thread 0x000002323c8cee70 Thread added: 0x000002329e0c1ee0
Event: 38.053 Thread 0x000002323c8cee70 Thread added: 0x000002329e0c1850
Event: 38.053 Thread 0x000002323c8cee70 Thread added: 0x000002329e0bf0f0
Event: 38.053 Thread 0x000002323c8cee70 Thread added: 0x000002329e0c2c00
Event: 38.053 Thread 0x000002323c8cee70 Thread added: 0x000002329e0bea60
Event: 38.053 Thread 0x000002323c8cee70 Thread added: 0x000002329e0bfe10
Event: 38.054 Thread 0x000002323c8cee70 Thread added: 0x000002329e0be3d0
Event: 38.054 Thread 0x000002323c8cee70 Thread added: 0x000002329e0c2570
Event: 38.054 Thread 0x000002323c8cee70 Thread added: 0x000002329e0bf780
Event: 38.054 Thread 0x000002323c8cee70 Thread added: 0x000002329e0c3290
Event: 38.054 Thread 0x000002323c8cee70 Thread added: 0x000002329e0c3920
Event: 38.096 Thread 0x000002323c8cee70 Thread added: 0x000002329e0c04a0
Event: 38.375 Thread 0x000002323c8cee70 Thread added: 0x000002329e0c4640
Event: 38.375 Thread 0x000002323c8cee70 Thread added: 0x000002329e0c4cd0
Event: 39.837 Thread 0x000002329b778a00 Thread added: 0x000002329e0c0b30
Event: 39.838 Thread 0x000002329e0c0b30 Thread added: 0x000002329e0c11c0
Event: 39.839 Thread 0x000002329e0c0b30 Thread added: 0x000002329ead2960
Event: 39.882 Thread 0x000002329b778a00 Thread added: 0x000002329eacfb70
Event: 40.574 Thread 0x000002329b778a00 Thread added: 0x000002329ead2ff0
Event: 40.672 Thread 0x000002329b778a00 Thread added: 0x000002329ead0890


Dynamic libraries:
0x00007ff72aef0000 - 0x00007ff72aefe000 	c:\Users\xiao\.cursor\extensions\redhat.java-1.50.0-win32-x64\jre\21.0.9-win32-x86_64\bin\java.exe
0x00007ff87f6b0000 - 0x00007ff87f8c7000 	C:\windows\SYSTEM32\ntdll.dll
0x00007ff87ea90000 - 0x00007ff87eb54000 	C:\windows\System32\KERNEL32.DLL
0x00007ff87cb90000 - 0x00007ff87cf62000 	C:\windows\System32\KERNELBASE.dll
0x00007ff87cf70000 - 0x00007ff87d081000 	C:\windows\System32\ucrtbase.dll
0x00007ff83d530000 - 0x00007ff83d54e000 	c:\Users\xiao\.cursor\extensions\redhat.java-1.50.0-win32-x64\jre\21.0.9-win32-x86_64\bin\VCRUNTIME140.dll
0x00007ff81e5b0000 - 0x00007ff81e5c8000 	c:\Users\xiao\.cursor\extensions\redhat.java-1.50.0-win32-x64\jre\21.0.9-win32-x86_64\bin\jli.dll
0x00007ff87f310000 - 0x00007ff87f4c1000 	C:\windows\System32\USER32.dll
0x00007ff87c7a0000 - 0x00007ff87c7c6000 	C:\windows\System32\win32u.dll
0x00007ff87f4f0000 - 0x00007ff87f519000 	C:\windows\System32\GDI32.dll
0x00007ff864e40000 - 0x00007ff8650db000 	C:\windows\WinSxS\amd64_microsoft.windows.common-controls_6595b64144ccf1df_6.0.22621.5547_none_27104afb73855772\COMCTL32.dll
0x00007ff87ca30000 - 0x00007ff87cb53000 	C:\windows\System32\gdi32full.dll
0x00007ff87dbf0000 - 0x00007ff87dc97000 	C:\windows\System32\msvcrt.dll
0x00007ff87c7d0000 - 0x00007ff87c86a000 	C:\windows\System32\msvcp_win.dll
0x00007ff87e990000 - 0x00007ff87e9c1000 	C:\windows\System32\IMM32.DLL
0x00007ff85db10000 - 0x00007ff85db1c000 	c:\Users\xiao\.cursor\extensions\redhat.java-1.50.0-win32-x64\jre\21.0.9-win32-x86_64\bin\vcruntime140_1.dll
0x00007ff811b80000 - 0x00007ff811c0d000 	c:\Users\xiao\.cursor\extensions\redhat.java-1.50.0-win32-x64\jre\21.0.9-win32-x86_64\bin\msvcp140.dll
0x00007ff809000000 - 0x00007ff809da0000 	c:\Users\xiao\.cursor\extensions\redhat.java-1.50.0-win32-x64\jre\21.0.9-win32-x86_64\bin\server\jvm.dll
0x00007ff87e9d0000 - 0x00007ff87ea81000 	C:\windows\System32\ADVAPI32.dll
0x00007ff87de60000 - 0x00007ff87df08000 	C:\windows\System32\sechost.dll
0x00007ff87cb60000 - 0x00007ff87cb88000 	C:\windows\System32\bcrypt.dll
0x00007ff87e2e0000 - 0x00007ff87e3f4000 	C:\windows\System32\RPCRT4.dll
0x00007ff87f5f0000 - 0x00007ff87f661000 	C:\windows\System32\WS2_32.dll
0x00007ff87bf90000 - 0x00007ff87bfdd000 	C:\windows\SYSTEM32\POWRPROF.dll
0x00007ff8771f0000 - 0x00007ff877224000 	C:\windows\SYSTEM32\WINMM.dll
0x00007ff866190000 - 0x00007ff86619a000 	C:\windows\SYSTEM32\VERSION.dll
0x00007ff87bf70000 - 0x00007ff87bf83000 	C:\windows\SYSTEM32\UMPDC.dll
0x00007ff87b790000 - 0x00007ff87b7a8000 	C:\windows\SYSTEM32\kernel.appcore.dll
0x00007ff85d2d0000 - 0x00007ff85d2da000 	c:\Users\xiao\.cursor\extensions\redhat.java-1.50.0-win32-x64\jre\21.0.9-win32-x86_64\bin\jimage.dll
0x00007ff871dd0000 - 0x00007ff872003000 	C:\windows\SYSTEM32\DBGHELP.DLL
0x00007ff87ed10000 - 0x00007ff87f0a3000 	C:\windows\System32\combase.dll
0x00007ff87e070000 - 0x00007ff87e147000 	C:\windows\System32\OLEAUT32.dll
0x00007ff862c20000 - 0x00007ff862c52000 	C:\windows\SYSTEM32\dbgcore.DLL
0x00007ff87c8f0000 - 0x00007ff87c96b000 	C:\windows\System32\bcryptPrimitives.dll
0x00007ff8745c0000 - 0x00007ff8745cf000 	c:\Users\xiao\.cursor\extensions\redhat.java-1.50.0-win32-x64\jre\21.0.9-win32-x86_64\bin\instrument.dll
0x00007ff8614c0000 - 0x00007ff8614e0000 	c:\Users\xiao\.cursor\extensions\redhat.java-1.50.0-win32-x64\jre\21.0.9-win32-x86_64\bin\java.dll
0x00007ff87d340000 - 0x00007ff87dbe2000 	C:\windows\System32\SHELL32.dll
0x00007ff87d200000 - 0x00007ff87d33f000 	C:\windows\System32\wintypes.dll
0x00007ff87a680000 - 0x00007ff87af9d000 	C:\windows\SYSTEM32\windows.storage.dll
0x00007ff87dca0000 - 0x00007ff87ddac000 	C:\windows\System32\SHCORE.dll
0x00007ff87e160000 - 0x00007ff87e1c9000 	C:\windows\System32\shlwapi.dll
0x00007ff87c6d0000 - 0x00007ff87c6fb000 	C:\windows\SYSTEM32\profapi.dll
0x00007ff83d590000 - 0x00007ff83d5a8000 	c:\Users\xiao\.cursor\extensions\redhat.java-1.50.0-win32-x64\jre\21.0.9-win32-x86_64\bin\zip.dll
0x00007ff8745b0000 - 0x00007ff8745c0000 	C:\Users\xiao\.cursor\extensions\redhat.java-1.50.0-win32-x64\jre\21.0.9-win32-x86_64\bin\net.dll
0x00007ff8786e0000 - 0x00007ff87880c000 	C:\windows\SYSTEM32\WINHTTP.dll
0x00007ff87bc00000 - 0x00007ff87bc69000 	C:\windows\system32\mswsock.dll
0x00007ff83d330000 - 0x00007ff83d346000 	C:\Users\xiao\.cursor\extensions\redhat.java-1.50.0-win32-x64\jre\21.0.9-win32-x86_64\bin\nio.dll
0x00007ff857ed0000 - 0x00007ff857ee0000 	c:\Users\xiao\.cursor\extensions\redhat.java-1.50.0-win32-x64\jre\21.0.9-win32-x86_64\bin\verify.dll
0x00007ff8123c0000 - 0x00007ff812404000 	C:\Users\xiao\AppData\Roaming\Cursor\User\globalStorage\redhat.java\1.50.0\config_win\org.eclipse.equinox.launcher\org.eclipse.equinox.launcher.win32.win32.x86_64_1.2.1400.v20250801-0854\eclipse_11916.dll
0x00007ff87eb60000 - 0x00007ff87ed00000 	C:\windows\System32\ole32.dll
0x00007ff87bfe0000 - 0x00007ff87bffb000 	C:\windows\SYSTEM32\CRYPTSP.dll
0x00007ff87b6f0000 - 0x00007ff87b727000 	C:\windows\system32\rsaenh.dll
0x00007ff87bca0000 - 0x00007ff87bcc8000 	C:\windows\SYSTEM32\USERENV.dll
0x00007ff87be00000 - 0x00007ff87be0c000 	C:\windows\SYSTEM32\CRYPTBASE.dll
0x00007ff87b240000 - 0x00007ff87b26d000 	C:\windows\SYSTEM32\IPHLPAPI.DLL
0x00007ff87f0d0000 - 0x00007ff87f0d9000 	C:\windows\System32\NSI.dll
0x00007ff80b9b0000 - 0x00007ff80b9f9000 	C:\Users\xiao\AppData\Local\Temp\jna-3678943\jna17033534291889089973.dll
0x00007ff87ed00000 - 0x00007ff87ed08000 	C:\windows\System32\PSAPI.DLL
0x00007ff877630000 - 0x00007ff877649000 	C:\windows\SYSTEM32\dhcpcsvc6.DLL
0x00007ff877610000 - 0x00007ff87762f000 	C:\windows\SYSTEM32\dhcpcsvc.DLL

JVMTI agents:
c:\Users\xiao\.cursor\extensions\redhat.java-1.50.0-win32-x64\lombok\lombok-1.18.39-4050.jar path:c:\Users\xiao\.cursor\extensions\redhat.java-1.50.0-win32-x64\jre\21.0.9-win32-x86_64\bin\instrument.dll, loaded, initialized, instrumentlib options:none

dbghelp: loaded successfully - version: 4.0.5 - missing functions: none
symbol engine: initialized successfully - sym options: 0x614 - pdb path: .;c:\Users\xiao\.cursor\extensions\redhat.java-1.50.0-win32-x64\jre\21.0.9-win32-x86_64\bin;C:\windows\SYSTEM32;C:\windows\WinSxS\amd64_microsoft.windows.common-controls_6595b64144ccf1df_6.0.22621.5547_none_27104afb73855772;c:\Users\xiao\.cursor\extensions\redhat.java-1.50.0-win32-x64\jre\21.0.9-win32-x86_64\bin\server;C:\Users\xiao\AppData\Roaming\Cursor\User\globalStorage\redhat.java\1.50.0\config_win\org.eclipse.equinox.launcher\org.eclipse.equinox.launcher.win32.win32.x86_64_1.2.1400.v20250801-0854;C:\Users\xiao\AppData\Local\Temp\jna-3678943

VM Arguments:
jvm_args: --add-modules=ALL-SYSTEM --add-opens=java.base/java.util=ALL-UNNAMED --add-opens=java.base/java.lang=ALL-UNNAMED --add-opens=java.base/sun.nio.fs=ALL-UNNAMED -Declipse.application=org.eclipse.jdt.ls.core.id1 -Dosgi.bundles.defaultStartLevel=4 -Declipse.product=org.eclipse.jdt.ls.core.product -Djava.import.generatesMetadataFilesAtProjectRoot=false -DDetectVMInstallationsJob.disabled=true -Dfile.encoding=utf8 -XX:+UseParallelGC -XX:GCTimeRatio=4 -XX:AdaptiveSizePolicyWeight=90 -Dsun.zip.disableMemoryMapping=true -Xmx2G -Xms100m -Xlog:disable -javaagent:c:\Users\xiao\.cursor\extensions\redhat.java-1.50.0-win32-x64\lombok\lombok-1.18.39-4050.jar -XX:+HeapDumpOnOutOfMemoryError -XX:HeapDumpPath=c:\Users\xiao\AppData\Roaming\Cursor\User\workspaceStorage\72f449efd8c44473c35e3f18b3a5e343\redhat.java -Daether.dependencyCollector.impl=bf 
java_command: c:\Users\xiao\.cursor\extensions\redhat.java-1.50.0-win32-x64\server\plugins\org.eclipse.equinox.launcher_1.7.100.v20251111-0406.jar -configuration c:\Users\xiao\AppData\Roaming\Cursor\User\globalStorage\redhat.java\1.50.0\config_win -data c:\Users\xiao\AppData\Roaming\Cursor\User\workspaceStorage\72f449efd8c44473c35e3f18b3a5e343\redhat.java\jdt_ws --pipe=\\.\pipe\lsp-fc41d564d32089c841497dab18c71bb2-sock
java_class_path (initial): c:\Users\xiao\.cursor\extensions\redhat.java-1.50.0-win32-x64\server\plugins\org.eclipse.equinox.launcher_1.7.100.v20251111-0406.jar
Launcher Type: SUN_STANDARD

[Global flags]
    uintx AdaptiveSizePolicyWeight                 = 90                                        {product} {command line}
     intx CICompilerCount                          = 12                                        {product} {ergonomic}
    uintx GCTimeRatio                              = 4                                         {product} {command line}
     bool HeapDumpOnOutOfMemoryError               = true                                   {manageable} {command line}
    ccstr HeapDumpPath                             = c:\Users\xiao\AppData\Roaming\Cursor\User\workspaceStorage\72f449efd8c44473c35e3f18b3a5e343\redhat.java         {manageable} {command line}
   size_t InitialHeapSize                          = 104857600                                 {product} {command line}
   size_t MaxHeapSize                              = 2147483648                                {product} {command line}
   size_t MaxNewSize                               = 715653120                                 {product} {ergonomic}
   size_t MinHeapDeltaBytes                        = 524288                                    {product} {ergonomic}
   size_t MinHeapSize                              = 104857600                                 {product} {command line}
   size_t NewSize                                  = 34603008                                  {product} {ergonomic}
    uintx NonNMethodCodeHeapSize                   = 7602480                                {pd product} {ergonomic}
    uintx NonProfiledCodeHeapSize                  = 122027880                              {pd product} {ergonomic}
   size_t OldSize                                  = 70254592                                  {product} {ergonomic}
    uintx ProfiledCodeHeapSize                     = 122027880                              {pd product} {ergonomic}
    uintx ReservedCodeCacheSize                    = 251658240                              {pd product} {ergonomic}
     bool SegmentedCodeCache                       = true                                      {product} {ergonomic}
   size_t SoftMaxHeapSize                          = 2147483648                             {manageable} {ergonomic}
     bool UseCompressedOops                        = true                           {product lp64_product} {ergonomic}
     bool UseLargePagesIndividualAllocation        = false                                  {pd product} {ergonomic}
     bool UseParallelGC                            = true                                      {product} {command line}

Logging:
Log output configuration:
 #0: stdout all=off uptime,level,tags foldmultilines=false
 #1: stderr all=off uptime,level,tags foldmultilines=false

Release file:
JAVA_VERSION="21.0.9" 
MODULES="java.base java.compiler java.datatransfer java.xml java.prefs java.desktop java.instrument java.logging java.management java.security.sasl java.naming java.rmi java.management.rmi java.net.http java.scripting java.security.jgss java.transaction.xa java.sql java.sql.rowset java.xml.crypto java.se java.smartcardio jdk.accessibility jdk.internal.jvmstat jdk.attach jdk.charsets jdk.internal.opt jdk.zipfs jdk.compiler jdk.crypto.ec jdk.crypto.cryptoki jdk.crypto.mscapi jdk.dynalink jdk.internal.ed jdk.editpad jdk.hotspot.agent jdk.httpserver jdk.internal.le jdk.internal.vm.ci jdk.internal.vm.compiler jdk.internal.vm.compiler.management jdk.jartool jdk.javadoc jdk.jcmd jdk.management jdk.management.agent jdk.jconsole jdk.jdeps jdk.jdwp.agent jdk.jdi jdk.jfr jdk.jshell jdk.jsobject jdk.jstatd jdk.localedata jdk.management.jfr jdk.naming.dns jdk.naming.rmi jdk.net jdk.nio.mapmode jdk.random jdk.sctp jdk.security.auth jdk.security.jgss jdk.unsupported jdk.unsupported.desktop jdk.xml.dom" 

Environment Variables:
JAVA_HOME=C:\Program Files\Java\jdk-21
CLASSPATH=.;D:\downloads\Mysql-jdbc\mysql-connector-j-8.3.0\mysql-connector-j-8.3.0.jar
PATH=C:\Program Files\Common Files\Oracle\Java\javapath;C:\Program Files\Java\jdk-21\bin;C:\Program Files (x86)\Common Files\Oracle\Java\javapath;C:\windows\system32;C:\windows;C:\windows\System32\Wbem;C:\windows\System32\WindowsPowerShell\v1.0\;C:\windows\System32\OpenSSH\;C:\Program Files\mysql-5.7.43-winx64\bin;C:\Program Files\Git\cmd;C:\Program Files\mingw64\bin;D:\downloads\Kotlinc\bin;% JAVA_HOME %\bin;D:\downloads\Tomcat\apache-tomcat-10.1.23\bin;D:\downloads\MySQL\mysql-8.0.36-winx64\bin;D:\downloads\Maven\apache-maven-3.9.6\bin;D:\downloads\AWS;D:\downloads\Node.js\;C:\Program Files\Java\jdk-21\bin;C:\Program Files\dotnet\;C:\Program Files\MySQL\MySQL Server 8.4\bin;C:\Program Files (x86)\Gpg4win\..\GnuPG\bin;C:\Program Files\Docker\Docker\resources\bin;C:\Program Files\PowerShell\7\;C:\Program Files (x86)\GnuPG\bin;C:\Users\xiao\AppData\Local\Programs\Python\Python311\Scripts\;C:\Users\xiao\AppData\Local\Programs\Python\Python311\;C:\Users\xiao\AppData\Local\Microsoft\WindowsApps;C:\Program Files\JetBrains\PyCharm 2023.2.1\bin;;C:\Users\xiao\AppData\Local\GitHubDesktop\bin;D:\downloads\Gradle-8.2\bin;;D:\downloads\Clion\CLion 2023.3.2\bin;;C:\Users\xiao\AppData\Roaming\npm;D:\downloads\intellij\IntelliJ IDEA 2024.3.2.1\bin;;D:\downloads\cursor\cursor\resources\app\bin;D:\downloads\vscode\Microsoft VS Code\bin
USERNAME=xiao
OS=Windows_NT
PROCESSOR_IDENTIFIER=Intel64 Family 6 Model 154 Stepping 3, GenuineIntel
TMP=C:\Users\xiao\AppData\Local\Temp
TEMP=C:\Users\xiao\AppData\Local\Temp




Periodic native trim disabled

---------------  S Y S T E M  ---------------

OS:
 Windows 11 , 64 bit Build 22621 (10.0.22621.5415)
OS uptime: 4 days 23:25 hours
Hyper-V role detected

CPU: total 16 (initial active 16) (8 cores per cpu, 2 threads per core) family 6 model 154 stepping 3 microcode 0x42a, cx8, cmov, fxsr, ht, mmx, 3dnowpref, sse, sse2, sse3, ssse3, sse4.1, sse4.2, popcnt, lzcnt, tsc, tscinvbit, avx, avx2, aes, erms, clmul, bmi1, bmi2, adx, sha, fma, vzeroupper, clflush, clflushopt, clwb, hv, serialize, rdtscp, rdpid, fsrm, f16c, cet_ibt, cet_ss
Processor Information for processor 0
  Max Mhz: 2300, Current Mhz: 2300, Mhz Limit: 2300
Processor Information for processor 1
  Max Mhz: 2300, Current Mhz: 2300, Mhz Limit: 2300
Processor Information for processor 2
  Max Mhz: 2300, Current Mhz: 2300, Mhz Limit: 2300
Processor Information for processor 3
  Max Mhz: 2300, Current Mhz: 2300, Mhz Limit: 2300
Processor Information for processor 4
  Max Mhz: 2300, Current Mhz: 2300, Mhz Limit: 2300
Processor Information for processor 5
  Max Mhz: 2300, Current Mhz: 2300, Mhz Limit: 2300
Processor Information for processor 6
  Max Mhz: 2300, Current Mhz: 2300, Mhz Limit: 2300
Processor Information for processor 7
  Max Mhz: 2300, Current Mhz: 2300, Mhz Limit: 2300
Processor Information for processor 8
  Max Mhz: 2300, Current Mhz: 2300, Mhz Limit: 2300
Processor Information for processor 9
  Max Mhz: 2300, Current Mhz: 2300, Mhz Limit: 2300
Processor Information for processor 10
  Max Mhz: 2300, Current Mhz: 2300, Mhz Limit: 2300
Processor Information for processor 11
  Max Mhz: 2300, Current Mhz: 2300, Mhz Limit: 2300
Processor Information for processor 12
  Max Mhz: 2300, Current Mhz: 1488, Mhz Limit: 2300
Processor Information for processor 13
  Max Mhz: 2300, Current Mhz: 1488, Mhz Limit: 2300
Processor Information for processor 14
  Max Mhz: 2300, Current Mhz: 1488, Mhz Limit: 2300
Processor Information for processor 15
  Max Mhz: 2300, Current Mhz: 1488, Mhz Limit: 2300

Memory: 4k page, system-wide physical 16108M (177M free)
TotalPageFile size 35308M (AvailPageFile size 5M)
current process WorkingSet (physical memory assigned to process): 283M, peak: 285M
current process commit charge ("private bytes"): 374M, peak: 376M

vm_info: OpenJDK 64-Bit Server VM (21.0.9+10-LTS) for windows-amd64 JRE (21.0.9+10-LTS), built on 2025-10-21T00:00:00Z by "admin" with unknown MS VC++:1942

END.
